{"total": {"lines":{"total":566,"covered":546,"skipped":0,"pct":96.46},"statements":{"total":576,"covered":556,"skipped":0,"pct":96.52},"functions":{"total":74,"covered":74,"skipped":0,"pct":100},"branches":{"total":279,"covered":255,"skipped":0,"pct":91.39},"branchesTrue":{"total":0,"covered":0,"skipped":0,"pct":100}}
,"D:\\Documents\\Hacktiv8\\Phase 2\\ip-ahmadjutrzenka-questivate\\app.js": {"lines":{"total":13,"covered":13,"skipped":0,"pct":100},"functions":{"total":0,"covered":0,"skipped":0,"pct":100},"statements":{"total":13,"covered":13,"skipped":0,"pct":100},"branches":{"total":0,"covered":0,"skipped":0,"pct":100}}
,"D:\\Documents\\Hacktiv8\\Phase 2\\ip-ahmadjutrzenka-questivate\\controllers\\AuthController.js": {"lines":{"total":60,"covered":55,"skipped":0,"pct":91.66},"functions":{"total":6,"covered":6,"skipped":0,"pct":100},"statements":{"total":60,"covered":55,"skipped":0,"pct":91.66},"branches":{"total":26,"covered":22,"skipped":0,"pct":84.61}}
,"D:\\Documents\\Hacktiv8\\Phase 2\\ip-ahmadjutrzenka-questivate\\controllers\\CollectionController.js": {"lines":{"total":45,"covered":40,"skipped":0,"pct":88.88},"functions":{"total":5,"covered":5,"skipped":0,"pct":100},"statements":{"total":45,"covered":40,"skipped":0,"pct":88.88},"branches":{"total":16,"covered":13,"skipped":0,"pct":81.25}}
,"D:\\Documents\\Hacktiv8\\Phase 2\\ip-ahmadjutrzenka-questivate\\controllers\\ReviewController.js": {"lines":{"total":51,"covered":46,"skipped":0,"pct":90.19},"functions":{"total":6,"covered":6,"skipped":0,"pct":100},"statements":{"total":51,"covered":46,"skipped":0,"pct":90.19},"branches":{"total":14,"covered":12,"skipped":0,"pct":85.71}}
,"D:\\Documents\\Hacktiv8\\Phase 2\\ip-ahmadjutrzenka-questivate\\controllers\\SearchController.js": {"lines":{"total":79,"covered":78,"skipped":0,"pct":98.73},"functions":{"total":16,"covered":16,"skipped":0,"pct":100},"statements":{"total":86,"covered":85,"skipped":0,"pct":98.83},"branches":{"total":101,"covered":99,"skipped":0,"pct":98.01}}
,"D:\\Documents\\Hacktiv8\\Phase 2\\ip-ahmadjutrzenka-questivate\\controllers\\UserController.js": {"lines":{"total":25,"covered":24,"skipped":0,"pct":96},"functions":{"total":5,"covered":5,"skipped":0,"pct":100},"statements":{"total":25,"covered":24,"skipped":0,"pct":96},"branches":{"total":6,"covered":6,"skipped":0,"pct":100}}
,"D:\\Documents\\Hacktiv8\\Phase 2\\ip-ahmadjutrzenka-questivate\\controllers\\aiController.js": {"lines":{"total":55,"covered":55,"skipped":0,"pct":100},"functions":{"total":6,"covered":6,"skipped":0,"pct":100},"statements":{"total":55,"covered":55,"skipped":0,"pct":100},"branches":{"total":44,"covered":39,"skipped":0,"pct":88.63}}
,"D:\\Documents\\Hacktiv8\\Phase 2\\ip-ahmadjutrzenka-questivate\\helpers\\bcrypt.js": {"lines":{"total":8,"covered":8,"skipped":0,"pct":100},"functions":{"total":2,"covered":2,"skipped":0,"pct":100},"statements":{"total":8,"covered":8,"skipped":0,"pct":100},"branches":{"total":0,"covered":0,"skipped":0,"pct":100}}
,"D:\\Documents\\Hacktiv8\\Phase 2\\ip-ahmadjutrzenka-questivate\\helpers\\externalApis.js": {"lines":{"total":39,"covered":39,"skipped":0,"pct":100},"functions":{"total":9,"covered":9,"skipped":0,"pct":100},"statements":{"total":42,"covered":42,"skipped":0,"pct":100},"branches":{"total":34,"covered":30,"skipped":0,"pct":88.23}}
,"D:\\Documents\\Hacktiv8\\Phase 2\\ip-ahmadjutrzenka-questivate\\helpers\\gemini.js": {"lines":{"total":9,"covered":9,"skipped":0,"pct":100},"functions":{"total":2,"covered":2,"skipped":0,"pct":100},"statements":{"total":9,"covered":9,"skipped":0,"pct":100},"branches":{"total":0,"covered":0,"skipped":0,"pct":100}}
,"D:\\Documents\\Hacktiv8\\Phase 2\\ip-ahmadjutrzenka-questivate\\helpers\\jwt.js": {"lines":{"total":6,"covered":6,"skipped":0,"pct":100},"functions":{"total":2,"covered":2,"skipped":0,"pct":100},"statements":{"total":6,"covered":6,"skipped":0,"pct":100},"branches":{"total":0,"covered":0,"skipped":0,"pct":100}}
,"D:\\Documents\\Hacktiv8\\Phase 2\\ip-ahmadjutrzenka-questivate\\middlewares\\authentication.js": {"lines":{"total":20,"covered":20,"skipped":0,"pct":100},"functions":{"total":1,"covered":1,"skipped":0,"pct":100},"statements":{"total":20,"covered":20,"skipped":0,"pct":100},"branches":{"total":8,"covered":8,"skipped":0,"pct":100}}
,"D:\\Documents\\Hacktiv8\\Phase 2\\ip-ahmadjutrzenka-questivate\\middlewares\\authorization.js": {"lines":{"total":20,"covered":20,"skipped":0,"pct":100},"functions":{"total":1,"covered":1,"skipped":0,"pct":100},"statements":{"total":20,"covered":20,"skipped":0,"pct":100},"branches":{"total":10,"covered":10,"skipped":0,"pct":100}}
,"D:\\Documents\\Hacktiv8\\Phase 2\\ip-ahmadjutrzenka-questivate\\middlewares\\errorHandler.js": {"lines":{"total":19,"covered":17,"skipped":0,"pct":89.47},"functions":{"total":1,"covered":1,"skipped":0,"pct":100},"statements":{"total":19,"covered":17,"skipped":0,"pct":89.47},"branches":{"total":8,"covered":7,"skipped":0,"pct":87.5}}
,"D:\\Documents\\Hacktiv8\\Phase 2\\ip-ahmadjutrzenka-questivate\\models\\collection.js": {"lines":{"total":6,"covered":6,"skipped":0,"pct":100},"functions":{"total":2,"covered":2,"skipped":0,"pct":100},"statements":{"total":6,"covered":6,"skipped":0,"pct":100},"branches":{"total":0,"covered":0,"skipped":0,"pct":100}}
,"D:\\Documents\\Hacktiv8\\Phase 2\\ip-ahmadjutrzenka-questivate\\models\\index.js": {"lines":{"total":21,"covered":20,"skipped":0,"pct":95.23},"functions":{"total":3,"covered":3,"skipped":0,"pct":100},"statements":{"total":21,"covered":20,"skipped":0,"pct":95.23},"branches":{"total":10,"covered":7,"skipped":0,"pct":70}}
,"D:\\Documents\\Hacktiv8\\Phase 2\\ip-ahmadjutrzenka-questivate\\models\\review.js": {"lines":{"total":6,"covered":6,"skipped":0,"pct":100},"functions":{"total":2,"covered":2,"skipped":0,"pct":100},"statements":{"total":6,"covered":6,"skipped":0,"pct":100},"branches":{"total":0,"covered":0,"skipped":0,"pct":100}}
,"D:\\Documents\\Hacktiv8\\Phase 2\\ip-ahmadjutrzenka-questivate\\models\\tastedna.js": {"lines":{"total":5,"covered":5,"skipped":0,"pct":100},"functions":{"total":2,"covered":2,"skipped":0,"pct":100},"statements":{"total":5,"covered":5,"skipped":0,"pct":100},"branches":{"total":0,"covered":0,"skipped":0,"pct":100}}
,"D:\\Documents\\Hacktiv8\\Phase 2\\ip-ahmadjutrzenka-questivate\\models\\user.js": {"lines":{"total":11,"covered":11,"skipped":0,"pct":100},"functions":{"total":3,"covered":3,"skipped":0,"pct":100},"statements":{"total":11,"covered":11,"skipped":0,"pct":100},"branches":{"total":2,"covered":2,"skipped":0,"pct":100}}
,"D:\\Documents\\Hacktiv8\\Phase 2\\ip-ahmadjutrzenka-questivate\\routes\\ai.js": {"lines":{"total":6,"covered":6,"skipped":0,"pct":100},"functions":{"total":0,"covered":0,"skipped":0,"pct":100},"statements":{"total":6,"covered":6,"skipped":0,"pct":100},"branches":{"total":0,"covered":0,"skipped":0,"pct":100}}
,"D:\\Documents\\Hacktiv8\\Phase 2\\ip-ahmadjutrzenka-questivate\\routes\\auth.js": {"lines":{"total":11,"covered":11,"skipped":0,"pct":100},"functions":{"total":0,"covered":0,"skipped":0,"pct":100},"statements":{"total":11,"covered":11,"skipped":0,"pct":100},"branches":{"total":0,"covered":0,"skipped":0,"pct":100}}
,"D:\\Documents\\Hacktiv8\\Phase 2\\ip-ahmadjutrzenka-questivate\\routes\\collections.js": {"lines":{"total":9,"covered":9,"skipped":0,"pct":100},"functions":{"total":0,"covered":0,"skipped":0,"pct":100},"statements":{"total":9,"covered":9,"skipped":0,"pct":100},"branches":{"total":0,"covered":0,"skipped":0,"pct":100}}
,"D:\\Documents\\Hacktiv8\\Phase 2\\ip-ahmadjutrzenka-questivate\\routes\\index.js": {"lines":{"total":18,"covered":18,"skipped":0,"pct":100},"functions":{"total":0,"covered":0,"skipped":0,"pct":100},"statements":{"total":18,"covered":18,"skipped":0,"pct":100},"branches":{"total":0,"covered":0,"skipped":0,"pct":100}}
,"D:\\Documents\\Hacktiv8\\Phase 2\\ip-ahmadjutrzenka-questivate\\routes\\media.js": {"lines":{"total":4,"covered":4,"skipped":0,"pct":100},"functions":{"total":0,"covered":0,"skipped":0,"pct":100},"statements":{"total":4,"covered":4,"skipped":0,"pct":100},"branches":{"total":0,"covered":0,"skipped":0,"pct":100}}
,"D:\\Documents\\Hacktiv8\\Phase 2\\ip-ahmadjutrzenka-questivate\\routes\\reviews.js": {"lines":{"total":10,"covered":10,"skipped":0,"pct":100},"functions":{"total":0,"covered":0,"skipped":0,"pct":100},"statements":{"total":10,"covered":10,"skipped":0,"pct":100},"branches":{"total":0,"covered":0,"skipped":0,"pct":100}}
,"D:\\Documents\\Hacktiv8\\Phase 2\\ip-ahmadjutrzenka-questivate\\routes\\search.js": {"lines":{"total":5,"covered":5,"skipped":0,"pct":100},"functions":{"total":0,"covered":0,"skipped":0,"pct":100},"statements":{"total":5,"covered":5,"skipped":0,"pct":100},"branches":{"total":0,"covered":0,"skipped":0,"pct":100}}
,"D:\\Documents\\Hacktiv8\\Phase 2\\ip-ahmadjutrzenka-questivate\\routes\\users.js": {"lines":{"total":5,"covered":5,"skipped":0,"pct":100},"functions":{"total":0,"covered":0,"skipped":0,"pct":100},"statements":{"total":5,"covered":5,"skipped":0,"pct":100},"branches":{"total":0,"covered":0,"skipped":0,"pct":100}}
}
