{"D:\\Documents\\Hacktiv8\\Phase 2\\ip-ahmadjutrzenka-questivate\\app.js": {"path":"D:\\Documents\\Hacktiv8\\Phase 2\\ip-ahmadjutrzenka-questivate\\app.js","statementMap":{"0":{"start":{"line":1,"column":0},"end":{"line":1,"column":27}},"1":{"start":{"line":2,"column":16},"end":{"line":2,"column":34}},"2":{"start":{"line":3,"column":12},"end":{"line":3,"column":21}},"3":{"start":{"line":4,"column":15},"end":{"line":4,"column":34}},"4":{"start":{"line":5,"column":13},"end":{"line":5,"column":28}},"5":{"start":{"line":6,"column":21},"end":{"line":6,"column":58}},"6":{"start":{"line":8,"column":0},"end":{"line":8,"column":48}},"7":{"start":{"line":9,"column":0},"end":{"line":9,"column":24}},"8":{"start":{"line":10,"column":0},"end":{"line":10,"column":36}},"9":{"start":{"line":12,"column":0},"end":{"line":12,"column":16}},"10":{"start":{"line":14,"column":0},"end":{"line":14,"column":16}},"11":{"start":{"line":16,"column":0},"end":{"line":16,"column":22}},"12":{"start":{"line":18,"column":0},"end":{"line":18,"column":21}}},"fnMap":{},"branchMap":{},"s":{"0":7,"1":7,"2":7,"3":7,"4":7,"5":7,"6":7,"7":7,"8":7,"9":7,"10":7,"11":7,"12":7},"f":{},"b":{},"_coverageSchema":"1a1c01bbd47fc00a2c39e90264f33305004495a9","hash":"220e529ff85c000eee15072bc264dc754c650343"}
,"D:\\Documents\\Hacktiv8\\Phase 2\\ip-ahmadjutrzenka-questivate\\controllers\\AuthController.js": {"path":"D:\\Documents\\Hacktiv8\\Phase 2\\ip-ahmadjutrzenka-questivate\\controllers\\AuthController.js","statementMap":{"0":{"start":{"line":1,"column":27},"end":{"line":1,"column":47}},"1":{"start":{"line":2,"column":42},"end":{"line":2,"column":70}},"2":{"start":{"line":3,"column":22},"end":{"line":3,"column":47}},"3":{"start":{"line":4,"column":25},"end":{"line":4,"column":55}},"4":{"start":{"line":8,"column":4},"end":{"line":36,"column":5}},"5":{"start":{"line":9,"column":44},"end":{"line":9,"column":52}},"6":{"start":{"line":11,"column":27},"end":{"line":11,"column":67}},"7":{"start":{"line":13,"column":6},"end":{"line":19,"column":7}},"8":{"start":{"line":14,"column":8},"end":{"line":18,"column":10}},"9":{"start":{"line":21,"column":19},"end":{"line":26,"column":8}},"10":{"start":{"line":28,"column":6},"end":{"line":33,"column":9}},"11":{"start":{"line":35,"column":6},"end":{"line":35,"column":18}},"12":{"start":{"line":40,"column":4},"end":{"line":83,"column":5}},"13":{"start":{"line":41,"column":34},"end":{"line":41,"column":42}},"14":{"start":{"line":43,"column":6},"end":{"line":45,"column":7}},"15":{"start":{"line":44,"column":8},"end":{"line":44,"column":67}},"16":{"start":{"line":46,"column":6},"end":{"line":48,"column":7}},"17":{"start":{"line":47,"column":8},"end":{"line":47,"column":70}},"18":{"start":{"line":50,"column":19},"end":{"line":54,"column":8}},"19":{"start":{"line":56,"column":6},"end":{"line":58,"column":7}},"20":{"start":{"line":57,"column":8},"end":{"line":57,"column":77}},"21":{"start":{"line":60,"column":6},"end":{"line":66,"column":7}},"22":{"start":{"line":61,"column":8},"end":{"line":65,"column":10}},"23":{"start":{"line":68,"column":28},"end":{"line":68,"column":68}},"24":{"start":{"line":70,"column":6},"end":{"line":72,"column":7}},"25":{"start":{"line":71,"column":8},"end":{"line":71,"column":77}},"26":{"start":{"line":74,"column":27},"end":{"line":77,"column":8}},"27":{"start":{"line":78,"column":6},"end":{"line":80,"column":9}},"28":{"start":{"line":82,"column":6},"end":{"line":82,"column":18}},"29":{"start":{"line":87,"column":4},"end":{"line":125,"column":5}},"30":{"start":{"line":88,"column":21},"end":{"line":88,"column":67}},"31":{"start":{"line":90,"column":38},"end":{"line":90,"column":49}},"32":{"start":{"line":92,"column":6},"end":{"line":94,"column":7}},"33":{"start":{"line":93,"column":8},"end":{"line":93,"column":74}},"34":{"start":{"line":96,"column":21},"end":{"line":99,"column":8}},"35":{"start":{"line":101,"column":22},"end":{"line":101,"column":41}},"36":{"start":{"line":103,"column":6},"end":{"line":105,"column":7}},"37":{"start":{"line":104,"column":8},"end":{"line":104,"column":78}},"38":{"start":{"line":107,"column":21},"end":{"line":115,"column":8}},"39":{"start":{"line":117,"column":27},"end":{"line":120,"column":8}},"40":{"start":{"line":122,"column":6},"end":{"line":122,"column":45}},"41":{"start":{"line":124,"column":6},"end":{"line":124,"column":18}},"42":{"start":{"line":129,"column":4},"end":{"line":147,"column":5}},"43":{"start":{"line":130,"column":19},"end":{"line":139,"column":8}},"44":{"start":{"line":141,"column":6},"end":{"line":143,"column":7}},"45":{"start":{"line":142,"column":8},"end":{"line":142,"column":62}},"46":{"start":{"line":144,"column":6},"end":{"line":144,"column":37}},"47":{"start":{"line":146,"column":6},"end":{"line":146,"column":18}},"48":{"start":{"line":151,"column":4},"end":{"line":166,"column":5}},"49":{"start":{"line":152,"column":22},"end":{"line":152,"column":30}},"50":{"start":{"line":154,"column":19},"end":{"line":154,"column":51}},"51":{"start":{"line":155,"column":6},"end":{"line":157,"column":7}},"52":{"start":{"line":156,"column":8},"end":{"line":156,"column":62}},"53":{"start":{"line":159,"column":6},"end":{"line":159,"column":33}},"54":{"start":{"line":160,"column":6},"end":{"line":163,"column":9}},"55":{"start":{"line":165,"column":6},"end":{"line":165,"column":18}},"56":{"start":{"line":170,"column":4},"end":{"line":176,"column":5}},"57":{"start":{"line":171,"column":6},"end":{"line":173,"column":9}},"58":{"start":{"line":175,"column":6},"end":{"line":175,"column":18}},"59":{"start":{"line":180,"column":0},"end":{"line":180,"column":32}}},"fnMap":{"0":{"name":"(anonymous_0)","decl":{"start":{"line":7,"column":2},"end":{"line":7,"column":3}},"loc":{"start":{"line":7,"column":40},"end":{"line":37,"column":3}},"line":7},"1":{"name":"(anonymous_1)","decl":{"start":{"line":39,"column":2},"end":{"line":39,"column":3}},"loc":{"start":{"line":39,"column":37},"end":{"line":84,"column":3}},"line":39},"2":{"name":"(anonymous_2)","decl":{"start":{"line":86,"column":2},"end":{"line":86,"column":3}},"loc":{"start":{"line":86,"column":43},"end":{"line":126,"column":3}},"line":86},"3":{"name":"(anonymous_3)","decl":{"start":{"line":128,"column":2},"end":{"line":128,"column":3}},"loc":{"start":{"line":128,"column":44},"end":{"line":148,"column":3}},"line":128},"4":{"name":"(anonymous_4)","decl":{"start":{"line":150,"column":2},"end":{"line":150,"column":3}},"loc":{"start":{"line":150,"column":47},"end":{"line":167,"column":3}},"line":150},"5":{"name":"(anonymous_5)","decl":{"start":{"line":169,"column":2},"end":{"line":169,"column":3}},"loc":{"start":{"line":169,"column":46},"end":{"line":177,"column":3}},"line":169}},"branchMap":{"0":{"loc":{"start":{"line":13,"column":6},"end":{"line":19,"column":7}},"type":"if","locations":[{"start":{"line":13,"column":6},"end":{"line":19,"column":7}},{"start":{},"end":{}}],"line":13},"1":{"loc":{"start":{"line":13,"column":10},"end":{"line":13,"column":63}},"type":"binary-expr","locations":[{"start":{"line":13,"column":10},"end":{"line":13,"column":22}},{"start":{"line":13,"column":26},"end":{"line":13,"column":63}}],"line":13},"2":{"loc":{"start":{"line":43,"column":6},"end":{"line":45,"column":7}},"type":"if","locations":[{"start":{"line":43,"column":6},"end":{"line":45,"column":7}},{"start":{},"end":{}}],"line":43},"3":{"loc":{"start":{"line":46,"column":6},"end":{"line":48,"column":7}},"type":"if","locations":[{"start":{"line":46,"column":6},"end":{"line":48,"column":7}},{"start":{},"end":{}}],"line":46},"4":{"loc":{"start":{"line":56,"column":6},"end":{"line":58,"column":7}},"type":"if","locations":[{"start":{"line":56,"column":6},"end":{"line":58,"column":7}},{"start":{},"end":{}}],"line":56},"5":{"loc":{"start":{"line":60,"column":6},"end":{"line":66,"column":7}},"type":"if","locations":[{"start":{"line":60,"column":6},"end":{"line":66,"column":7}},{"start":{},"end":{}}],"line":60},"6":{"loc":{"start":{"line":70,"column":6},"end":{"line":72,"column":7}},"type":"if","locations":[{"start":{"line":70,"column":6},"end":{"line":72,"column":7}},{"start":{},"end":{}}],"line":70},"7":{"loc":{"start":{"line":92,"column":6},"end":{"line":94,"column":7}},"type":"if","locations":[{"start":{"line":92,"column":6},"end":{"line":94,"column":7}},{"start":{},"end":{}}],"line":92},"8":{"loc":{"start":{"line":103,"column":6},"end":{"line":105,"column":7}},"type":"if","locations":[{"start":{"line":103,"column":6},"end":{"line":105,"column":7}},{"start":{},"end":{}}],"line":103},"9":{"loc":{"start":{"line":110,"column":20},"end":{"line":110,"column":63}},"type":"binary-expr","locations":[{"start":{"line":110,"column":20},"end":{"line":110,"column":32}},{"start":{"line":110,"column":36},"end":{"line":110,"column":63}}],"line":110},"10":{"loc":{"start":{"line":113,"column":18},"end":{"line":113,"column":41}},"type":"binary-expr","locations":[{"start":{"line":113,"column":18},"end":{"line":113,"column":33}},{"start":{"line":113,"column":37},"end":{"line":113,"column":41}}],"line":113},"11":{"loc":{"start":{"line":141,"column":6},"end":{"line":143,"column":7}},"type":"if","locations":[{"start":{"line":141,"column":6},"end":{"line":143,"column":7}},{"start":{},"end":{}}],"line":141},"12":{"loc":{"start":{"line":155,"column":6},"end":{"line":157,"column":7}},"type":"if","locations":[{"start":{"line":155,"column":6},"end":{"line":157,"column":7}},{"start":{},"end":{}}],"line":155}},"s":{"0":7,"1":7,"2":7,"3":7,"4":4,"5":4,"6":4,"7":4,"8":1,"9":3,"10":1,"11":3,"12":6,"13":6,"14":6,"15":1,"16":5,"17":1,"18":4,"19":4,"20":1,"21":3,"22":1,"23":2,"24":2,"25":1,"26":1,"27":1,"28":5,"29":4,"30":4,"31":4,"32":4,"33":1,"34":3,"35":3,"36":3,"37":1,"38":2,"39":2,"40":2,"41":2,"42":1,"43":1,"44":1,"45":0,"46":1,"47":0,"48":1,"49":1,"50":1,"51":1,"52":0,"53":1,"54":1,"55":0,"56":1,"57":1,"58":0,"59":7},"f":{"0":4,"1":6,"2":4,"3":1,"4":1,"5":1},"b":{"0":[1,3],"1":[4,2],"2":[1,5],"3":[1,4],"4":[1,3],"5":[1,2],"6":[1,1],"7":[1,3],"8":[1,2],"9":[2,0],"10":[2,0],"11":[0,1],"12":[0,1]},"_coverageSchema":"1a1c01bbd47fc00a2c39e90264f33305004495a9","hash":"635bdcdd53063fbee2d75e4aa86984d323924994"}
,"D:\\Documents\\Hacktiv8\\Phase 2\\ip-ahmadjutrzenka-questivate\\controllers\\CollectionController.js": {"path":"D:\\Documents\\Hacktiv8\\Phase 2\\ip-ahmadjutrzenka-questivate\\controllers\\CollectionController.js","statementMap":{"0":{"start":{"line":1,"column":23},"end":{"line":1,"column":43}},"1":{"start":{"line":5,"column":4},"end":{"line":27,"column":5}},"2":{"start":{"line":6,"column":23},"end":{"line":6,"column":32}},"3":{"start":{"line":7,"column":20},"end":{"line":7,"column":43}},"4":{"start":{"line":9,"column":6},"end":{"line":17,"column":7}},"5":{"start":{"line":10,"column":8},"end":{"line":15,"column":9}},"6":{"start":{"line":11,"column":10},"end":{"line":14,"column":12}},"7":{"start":{"line":16,"column":8},"end":{"line":16,"column":31}},"8":{"start":{"line":19,"column":26},"end":{"line":22,"column":8}},"9":{"start":{"line":24,"column":6},"end":{"line":24,"column":44}},"10":{"start":{"line":26,"column":6},"end":{"line":26,"column":18}},"11":{"start":{"line":31,"column":4},"end":{"line":58,"column":5}},"12":{"start":{"line":41,"column":10},"end":{"line":41,"column":18}},"13":{"start":{"line":43,"column":25},"end":{"line":53,"column":8}},"14":{"start":{"line":55,"column":6},"end":{"line":55,"column":43}},"15":{"start":{"line":57,"column":6},"end":{"line":57,"column":18}},"16":{"start":{"line":61,"column":4},"end":{"line":75,"column":5}},"17":{"start":{"line":62,"column":21},"end":{"line":62,"column":31}},"18":{"start":{"line":63,"column":25},"end":{"line":63,"column":54}},"19":{"start":{"line":65,"column":6},"end":{"line":70,"column":7}},"20":{"start":{"line":66,"column":8},"end":{"line":69,"column":10}},"21":{"start":{"line":72,"column":6},"end":{"line":72,"column":43}},"22":{"start":{"line":74,"column":6},"end":{"line":74,"column":18}},"23":{"start":{"line":78,"column":4},"end":{"line":110,"column":5}},"24":{"start":{"line":79,"column":21},"end":{"line":79,"column":31}},"25":{"start":{"line":80,"column":37},"end":{"line":80,"column":45}},"26":{"start":{"line":82,"column":25},"end":{"line":82,"column":54}},"27":{"start":{"line":84,"column":6},"end":{"line":89,"column":7}},"28":{"start":{"line":85,"column":8},"end":{"line":88,"column":10}},"29":{"start":{"line":91,"column":6},"end":{"line":104,"column":7}},"30":{"start":{"line":92,"column":30},"end":{"line":97,"column":10}},"31":{"start":{"line":98,"column":8},"end":{"line":103,"column":9}},"32":{"start":{"line":99,"column":10},"end":{"line":102,"column":12}},"33":{"start":{"line":105,"column":6},"end":{"line":105,"column":54}},"34":{"start":{"line":107,"column":6},"end":{"line":107,"column":43}},"35":{"start":{"line":109,"column":6},"end":{"line":109,"column":18}},"36":{"start":{"line":113,"column":4},"end":{"line":128,"column":5}},"37":{"start":{"line":114,"column":21},"end":{"line":114,"column":31}},"38":{"start":{"line":115,"column":25},"end":{"line":115,"column":54}},"39":{"start":{"line":117,"column":6},"end":{"line":122,"column":7}},"40":{"start":{"line":118,"column":8},"end":{"line":121,"column":10}},"41":{"start":{"line":124,"column":6},"end":{"line":124,"column":33}},"42":{"start":{"line":125,"column":6},"end":{"line":125,"column":77}},"43":{"start":{"line":127,"column":6},"end":{"line":127,"column":18}},"44":{"start":{"line":132,"column":0},"end":{"line":132,"column":38}}},"fnMap":{"0":{"name":"(anonymous_0)","decl":{"start":{"line":4,"column":2},"end":{"line":4,"column":3}},"loc":{"start":{"line":4,"column":48},"end":{"line":28,"column":3}},"line":4},"1":{"name":"(anonymous_1)","decl":{"start":{"line":30,"column":2},"end":{"line":30,"column":3}},"loc":{"start":{"line":30,"column":45},"end":{"line":59,"column":3}},"line":30},"2":{"name":"(anonymous_2)","decl":{"start":{"line":60,"column":2},"end":{"line":60,"column":3}},"loc":{"start":{"line":60,"column":49},"end":{"line":76,"column":3}},"line":60},"3":{"name":"(anonymous_3)","decl":{"start":{"line":77,"column":2},"end":{"line":77,"column":3}},"loc":{"start":{"line":77,"column":48},"end":{"line":111,"column":3}},"line":77},"4":{"name":"(anonymous_4)","decl":{"start":{"line":112,"column":2},"end":{"line":112,"column":3}},"loc":{"start":{"line":112,"column":48},"end":{"line":129,"column":3}},"line":112}},"branchMap":{"0":{"loc":{"start":{"line":9,"column":6},"end":{"line":17,"column":7}},"type":"if","locations":[{"start":{"line":9,"column":6},"end":{"line":17,"column":7}},{"start":{},"end":{}}],"line":9},"1":{"loc":{"start":{"line":10,"column":8},"end":{"line":15,"column":9}},"type":"if","locations":[{"start":{"line":10,"column":8},"end":{"line":15,"column":9}},{"start":{},"end":{}}],"line":10},"2":{"loc":{"start":{"line":65,"column":6},"end":{"line":70,"column":7}},"type":"if","locations":[{"start":{"line":65,"column":6},"end":{"line":70,"column":7}},{"start":{},"end":{}}],"line":65},"3":{"loc":{"start":{"line":84,"column":6},"end":{"line":89,"column":7}},"type":"if","locations":[{"start":{"line":84,"column":6},"end":{"line":89,"column":7}},{"start":{},"end":{}}],"line":84},"4":{"loc":{"start":{"line":91,"column":6},"end":{"line":104,"column":7}},"type":"if","locations":[{"start":{"line":91,"column":6},"end":{"line":104,"column":7}},{"start":{},"end":{}}],"line":91},"5":{"loc":{"start":{"line":91,"column":10},"end":{"line":91,"column":55}},"type":"binary-expr","locations":[{"start":{"line":91,"column":10},"end":{"line":91,"column":29}},{"start":{"line":91,"column":33},"end":{"line":91,"column":55}}],"line":91},"6":{"loc":{"start":{"line":98,"column":8},"end":{"line":103,"column":9}},"type":"if","locations":[{"start":{"line":98,"column":8},"end":{"line":103,"column":9}},{"start":{},"end":{}}],"line":98},"7":{"loc":{"start":{"line":117,"column":6},"end":{"line":122,"column":7}},"type":"if","locations":[{"start":{"line":117,"column":6},"end":{"line":122,"column":7}},{"start":{},"end":{}}],"line":117}},"s":{"0":7,"1":3,"2":3,"3":3,"4":3,"5":2,"6":1,"7":1,"8":2,"9":2,"10":1,"11":3,"12":3,"13":3,"14":1,"15":2,"16":1,"17":1,"18":1,"19":1,"20":0,"21":1,"22":0,"23":3,"24":3,"25":3,"26":3,"27":3,"28":0,"29":3,"30":2,"31":2,"32":1,"33":2,"34":2,"35":1,"36":1,"37":1,"38":1,"39":1,"40":0,"41":1,"42":1,"43":0,"44":7},"f":{"0":3,"1":3,"2":1,"3":3,"4":1},"b":{"0":[2,1],"1":[1,1],"2":[0,1],"3":[0,3],"4":[2,1],"5":[3,2],"6":[1,1],"7":[0,1]},"_coverageSchema":"1a1c01bbd47fc00a2c39e90264f33305004495a9","hash":"97184f0e2204c0f3f75d98639fe0416f68678863"}
,"D:\\Documents\\Hacktiv8\\Phase 2\\ip-ahmadjutrzenka-questivate\\controllers\\ReviewController.js": {"path":"D:\\Documents\\Hacktiv8\\Phase 2\\ip-ahmadjutrzenka-questivate\\controllers\\ReviewController.js","statementMap":{"0":{"start":{"line":1,"column":37},"end":{"line":1,"column":57}},"1":{"start":{"line":5,"column":4},"end":{"line":32,"column":5}},"2":{"start":{"line":6,"column":22},"end":{"line":19,"column":8}},"3":{"start":{"line":21,"column":21},"end":{"line":27,"column":8}},"4":{"start":{"line":22,"column":21},"end":{"line":22,"column":36}},"5":{"start":{"line":23,"column":8},"end":{"line":25,"column":45}},"6":{"start":{"line":26,"column":8},"end":{"line":26,"column":20}},"7":{"start":{"line":29,"column":6},"end":{"line":29,"column":35}},"8":{"start":{"line":31,"column":6},"end":{"line":31,"column":18}},"9":{"start":{"line":36,"column":4},"end":{"line":63,"column":5}},"10":{"start":{"line":37,"column":21},"end":{"line":37,"column":31}},"11":{"start":{"line":39,"column":21},"end":{"line":50,"column":8}},"12":{"start":{"line":52,"column":6},"end":{"line":54,"column":7}},"13":{"start":{"line":53,"column":8},"end":{"line":53,"column":64}},"14":{"start":{"line":56,"column":19},"end":{"line":56,"column":34}},"15":{"start":{"line":57,"column":6},"end":{"line":58,"column":80}},"16":{"start":{"line":60,"column":6},"end":{"line":60,"column":33}},"17":{"start":{"line":62,"column":6},"end":{"line":62,"column":18}},"18":{"start":{"line":67,"column":4},"end":{"line":99,"column":5}},"19":{"start":{"line":68,"column":48},"end":{"line":68,"column":56}},"20":{"start":{"line":69,"column":21},"end":{"line":69,"column":32}},"21":{"start":{"line":71,"column":6},"end":{"line":76,"column":7}},"22":{"start":{"line":72,"column":8},"end":{"line":75,"column":10}},"23":{"start":{"line":78,"column":25},"end":{"line":78,"column":64}},"24":{"start":{"line":79,"column":6},"end":{"line":81,"column":7}},"25":{"start":{"line":80,"column":8},"end":{"line":80,"column":73}},"26":{"start":{"line":82,"column":6},"end":{"line":87,"column":7}},"27":{"start":{"line":83,"column":8},"end":{"line":86,"column":10}},"28":{"start":{"line":89,"column":21},"end":{"line":94,"column":8}},"29":{"start":{"line":96,"column":6},"end":{"line":96,"column":35}},"30":{"start":{"line":98,"column":6},"end":{"line":98,"column":18}},"31":{"start":{"line":103,"column":4},"end":{"line":121,"column":5}},"32":{"start":{"line":104,"column":21},"end":{"line":104,"column":31}},"33":{"start":{"line":105,"column":34},"end":{"line":105,"column":42}},"34":{"start":{"line":107,"column":21},"end":{"line":107,"column":46}},"35":{"start":{"line":108,"column":6},"end":{"line":110,"column":7}},"36":{"start":{"line":109,"column":8},"end":{"line":109,"column":64}},"37":{"start":{"line":112,"column":6},"end":{"line":112,"column":47}},"38":{"start":{"line":114,"column":19},"end":{"line":114,"column":34}},"39":{"start":{"line":115,"column":6},"end":{"line":116,"column":80}},"40":{"start":{"line":118,"column":6},"end":{"line":118,"column":33}},"41":{"start":{"line":120,"column":6},"end":{"line":120,"column":18}},"42":{"start":{"line":125,"column":4},"end":{"line":138,"column":5}},"43":{"start":{"line":126,"column":21},"end":{"line":126,"column":31}},"44":{"start":{"line":128,"column":21},"end":{"line":128,"column":46}},"45":{"start":{"line":129,"column":6},"end":{"line":131,"column":7}},"46":{"start":{"line":130,"column":8},"end":{"line":130,"column":64}},"47":{"start":{"line":133,"column":6},"end":{"line":133,"column":29}},"48":{"start":{"line":135,"column":6},"end":{"line":135,"column":71}},"49":{"start":{"line":137,"column":6},"end":{"line":137,"column":18}},"50":{"start":{"line":142,"column":0},"end":{"line":142,"column":34}}},"fnMap":{"0":{"name":"(anonymous_0)","decl":{"start":{"line":4,"column":2},"end":{"line":4,"column":3}},"loc":{"start":{"line":4,"column":48},"end":{"line":33,"column":3}},"line":4},"1":{"name":"(anonymous_1)","decl":{"start":{"line":21,"column":33},"end":{"line":21,"column":34}},"loc":{"start":{"line":21,"column":45},"end":{"line":27,"column":7}},"line":21},"2":{"name":"(anonymous_2)","decl":{"start":{"line":35,"column":2},"end":{"line":35,"column":3}},"loc":{"start":{"line":35,"column":45},"end":{"line":64,"column":3}},"line":35},"3":{"name":"(anonymous_3)","decl":{"start":{"line":66,"column":2},"end":{"line":66,"column":3}},"loc":{"start":{"line":66,"column":44},"end":{"line":100,"column":3}},"line":66},"4":{"name":"(anonymous_4)","decl":{"start":{"line":102,"column":2},"end":{"line":102,"column":3}},"loc":{"start":{"line":102,"column":44},"end":{"line":122,"column":3}},"line":102},"5":{"name":"(anonymous_5)","decl":{"start":{"line":124,"column":2},"end":{"line":124,"column":3}},"loc":{"start":{"line":124,"column":44},"end":{"line":139,"column":3}},"line":124}},"branchMap":{"0":{"loc":{"start":{"line":52,"column":6},"end":{"line":54,"column":7}},"type":"if","locations":[{"start":{"line":52,"column":6},"end":{"line":54,"column":7}},{"start":{},"end":{}}],"line":52},"1":{"loc":{"start":{"line":71,"column":6},"end":{"line":76,"column":7}},"type":"if","locations":[{"start":{"line":71,"column":6},"end":{"line":76,"column":7}},{"start":{},"end":{}}],"line":71},"2":{"loc":{"start":{"line":71,"column":10},"end":{"line":71,"column":29}},"type":"binary-expr","locations":[{"start":{"line":71,"column":10},"end":{"line":71,"column":17}},{"start":{"line":71,"column":21},"end":{"line":71,"column":29}}],"line":71},"3":{"loc":{"start":{"line":79,"column":6},"end":{"line":81,"column":7}},"type":"if","locations":[{"start":{"line":79,"column":6},"end":{"line":81,"column":7}},{"start":{},"end":{}}],"line":79},"4":{"loc":{"start":{"line":82,"column":6},"end":{"line":87,"column":7}},"type":"if","locations":[{"start":{"line":82,"column":6},"end":{"line":87,"column":7}},{"start":{},"end":{}}],"line":82},"5":{"loc":{"start":{"line":108,"column":6},"end":{"line":110,"column":7}},"type":"if","locations":[{"start":{"line":108,"column":6},"end":{"line":110,"column":7}},{"start":{},"end":{}}],"line":108},"6":{"loc":{"start":{"line":129,"column":6},"end":{"line":131,"column":7}},"type":"if","locations":[{"start":{"line":129,"column":6},"end":{"line":131,"column":7}},{"start":{},"end":{}}],"line":129}},"s":{"0":7,"1":2,"2":2,"3":2,"4":1,"5":1,"6":1,"7":2,"8":0,"9":2,"10":2,"11":2,"12":2,"13":1,"14":1,"15":1,"16":1,"17":1,"18":5,"19":5,"20":5,"21":5,"22":1,"23":4,"24":4,"25":1,"26":3,"27":1,"28":2,"29":1,"30":4,"31":1,"32":1,"33":1,"34":1,"35":1,"36":0,"37":1,"38":1,"39":1,"40":1,"41":0,"42":1,"43":1,"44":1,"45":1,"46":0,"47":1,"48":1,"49":0,"50":7},"f":{"0":2,"1":1,"2":2,"3":5,"4":1,"5":1},"b":{"0":[1,1],"1":[1,4],"2":[5,1],"3":[1,3],"4":[1,2],"5":[0,1],"6":[0,1]},"_coverageSchema":"1a1c01bbd47fc00a2c39e90264f33305004495a9","hash":"94b874ffe35fbbde2d8bff411293d1839fb90272"}
,"D:\\Documents\\Hacktiv8\\Phase 2\\ip-ahmadjutrzenka-questivate\\controllers\\SearchController.js": {"path":"D:\\Documents\\Hacktiv8\\Phase 2\\ip-ahmadjutrzenka-questivate\\controllers\\SearchController.js","statementMap":{"0":{"start":{"line":1,"column":37},"end":{"line":1,"column":57}},"1":{"start":{"line":8,"column":4},"end":{"line":8,"column":38}},"2":{"start":{"line":9,"column":15},"end":{"line":9,"column":35}},"3":{"start":{"line":13,"column":4},"end":{"line":73,"column":5}},"4":{"start":{"line":14,"column":35},"end":{"line":14,"column":45}},"5":{"start":{"line":16,"column":6},"end":{"line":21,"column":7}},"6":{"start":{"line":17,"column":8},"end":{"line":20,"column":10}},"7":{"start":{"line":23,"column":22},"end":{"line":23,"column":26}},"8":{"start":{"line":24,"column":6},"end":{"line":28,"column":7}},"9":{"start":{"line":25,"column":8},"end":{"line":25,"column":59}},"10":{"start":{"line":27,"column":8},"end":{"line":27,"column":52}},"11":{"start":{"line":30,"column":6},"end":{"line":35,"column":7}},"12":{"start":{"line":31,"column":8},"end":{"line":34,"column":10}},"13":{"start":{"line":37,"column":26},"end":{"line":43,"column":8}},"14":{"start":{"line":45,"column":28},"end":{"line":45,"column":60}},"15":{"start":{"line":45,"column":53},"end":{"line":45,"column":59}},"16":{"start":{"line":47,"column":20},"end":{"line":47,"column":22}},"17":{"start":{"line":48,"column":6},"end":{"line":68,"column":7}},"18":{"start":{"line":49,"column":8},"end":{"line":60,"column":11}},"19":{"start":{"line":61,"column":8},"end":{"line":67,"column":11}},"20":{"start":{"line":62,"column":23},"end":{"line":62,"column":38}},"21":{"start":{"line":63,"column":10},"end":{"line":65,"column":55}},"22":{"start":{"line":66,"column":10},"end":{"line":66,"column":22}},"23":{"start":{"line":70,"column":6},"end":{"line":70,"column":51}},"24":{"start":{"line":72,"column":6},"end":{"line":72,"column":18}},"25":{"start":{"line":77,"column":4},"end":{"line":159,"column":5}},"26":{"start":{"line":78,"column":34},"end":{"line":78,"column":43}},"27":{"start":{"line":80,"column":6},"end":{"line":85,"column":7}},"28":{"start":{"line":81,"column":8},"end":{"line":84,"column":10}},"29":{"start":{"line":87,"column":25},"end":{"line":87,"column":66}},"30":{"start":{"line":88,"column":6},"end":{"line":93,"column":7}},"31":{"start":{"line":89,"column":8},"end":{"line":92,"column":10}},"32":{"start":{"line":95,"column":20},"end":{"line":95,"column":77}},"33":{"start":{"line":95,"column":28},"end":{"line":95,"column":77}},"34":{"start":{"line":95,"column":53},"end":{"line":95,"column":76}},"35":{"start":{"line":97,"column":22},"end":{"line":97,"column":67}},"36":{"start":{"line":99,"column":6},"end":{"line":108,"column":7}},"37":{"start":{"line":100,"column":22},"end":{"line":106,"column":10}},"38":{"start":{"line":107,"column":8},"end":{"line":107,"column":30}},"39":{"start":{"line":110,"column":6},"end":{"line":122,"column":7}},"40":{"start":{"line":111,"column":26},"end":{"line":111,"column":51}},"41":{"start":{"line":112,"column":8},"end":{"line":120,"column":12}},"42":{"start":{"line":112,"column":49},"end":{"line":120,"column":9}},"43":{"start":{"line":117,"column":42},"end":{"line":117,"column":48}},"44":{"start":{"line":121,"column":8},"end":{"line":121,"column":45}},"45":{"start":{"line":121,"column":28},"end":{"line":121,"column":45}},"46":{"start":{"line":124,"column":6},"end":{"line":136,"column":7}},"47":{"start":{"line":125,"column":26},"end":{"line":125,"column":51}},"48":{"start":{"line":126,"column":8},"end":{"line":134,"column":12}},"49":{"start":{"line":126,"column":49},"end":{"line":134,"column":9}},"50":{"start":{"line":131,"column":42},"end":{"line":131,"column":48}},"51":{"start":{"line":135,"column":8},"end":{"line":135,"column":45}},"52":{"start":{"line":135,"column":28},"end":{"line":135,"column":45}},"53":{"start":{"line":138,"column":6},"end":{"line":154,"column":7}},"54":{"start":{"line":139,"column":25},"end":{"line":139,"column":44}},"55":{"start":{"line":140,"column":8},"end":{"line":153,"column":11}},"56":{"start":{"line":141,"column":27},"end":{"line":141,"column":50}},"57":{"start":{"line":142,"column":10},"end":{"line":152,"column":12}},"58":{"start":{"line":149,"column":44},"end":{"line":149,"column":50}},"59":{"start":{"line":156,"column":6},"end":{"line":156,"column":36}},"60":{"start":{"line":158,"column":6},"end":{"line":158,"column":18}},"61":{"start":{"line":163,"column":4},"end":{"line":239,"column":5}},"62":{"start":{"line":164,"column":27},"end":{"line":164,"column":36}},"63":{"start":{"line":166,"column":6},"end":{"line":171,"column":7}},"64":{"start":{"line":167,"column":8},"end":{"line":170,"column":10}},"65":{"start":{"line":172,"column":6},"end":{"line":177,"column":7}},"66":{"start":{"line":173,"column":8},"end":{"line":176,"column":10}},"67":{"start":{"line":178,"column":6},"end":{"line":183,"column":7}},"68":{"start":{"line":179,"column":8},"end":{"line":182,"column":10}},"69":{"start":{"line":185,"column":19},"end":{"line":185,"column":23}},"70":{"start":{"line":187,"column":6},"end":{"line":234,"column":7}},"71":{"start":{"line":188,"column":20},"end":{"line":188,"column":50}},"72":{"start":{"line":190,"column":8},"end":{"line":195,"column":9}},"73":{"start":{"line":191,"column":10},"end":{"line":194,"column":12}},"74":{"start":{"line":197,"column":8},"end":{"line":209,"column":10}},"75":{"start":{"line":202,"column":41},"end":{"line":202,"column":47}},"76":{"start":{"line":211,"column":20},"end":{"line":211,"column":43}},"77":{"start":{"line":212,"column":8},"end":{"line":217,"column":9}},"78":{"start":{"line":213,"column":10},"end":{"line":216,"column":12}},"79":{"start":{"line":218,"column":25},"end":{"line":218,"column":47}},"80":{"start":{"line":219,"column":8},"end":{"line":233,"column":10}},"81":{"start":{"line":226,"column":41},"end":{"line":226,"column":47}},"82":{"start":{"line":230,"column":27},"end":{"line":230,"column":42}},"83":{"start":{"line":236,"column":6},"end":{"line":236,"column":35}},"84":{"start":{"line":238,"column":6},"end":{"line":238,"column":18}},"85":{"start":{"line":243,"column":0},"end":{"line":243,"column":34}}},"fnMap":{"0":{"name":"(anonymous_0)","decl":{"start":{"line":12,"column":2},"end":{"line":12,"column":3}},"loc":{"start":{"line":12,"column":47},"end":{"line":74,"column":3}},"line":12},"1":{"name":"(anonymous_1)","decl":{"start":{"line":45,"column":44},"end":{"line":45,"column":45}},"loc":{"start":{"line":45,"column":53},"end":{"line":45,"column":59}},"line":45},"2":{"name":"(anonymous_2)","decl":{"start":{"line":61,"column":30},"end":{"line":61,"column":31}},"loc":{"start":{"line":61,"column":42},"end":{"line":67,"column":9}},"line":61},"3":{"name":"(anonymous_3)","decl":{"start":{"line":76,"column":2},"end":{"line":76,"column":3}},"loc":{"start":{"line":76,"column":45},"end":{"line":160,"column":3}},"line":76},"4":{"name":"(anonymous_4)","decl":{"start":{"line":95,"column":20},"end":{"line":95,"column":21}},"loc":{"start":{"line":95,"column":28},"end":{"line":95,"column":77}},"line":95},"5":{"name":"(anonymous_5)","decl":{"start":{"line":95,"column":40},"end":{"line":95,"column":41}},"loc":{"start":{"line":95,"column":53},"end":{"line":95,"column":76}},"line":95},"6":{"name":"(anonymous_6)","decl":{"start":{"line":112,"column":38},"end":{"line":112,"column":39}},"loc":{"start":{"line":112,"column":49},"end":{"line":120,"column":9}},"line":112},"7":{"name":"(anonymous_7)","decl":{"start":{"line":117,"column":35},"end":{"line":117,"column":36}},"loc":{"start":{"line":117,"column":42},"end":{"line":117,"column":48}},"line":117},"8":{"name":"(anonymous_8)","decl":{"start":{"line":126,"column":38},"end":{"line":126,"column":39}},"loc":{"start":{"line":126,"column":49},"end":{"line":134,"column":9}},"line":126},"9":{"name":"(anonymous_9)","decl":{"start":{"line":131,"column":35},"end":{"line":131,"column":36}},"loc":{"start":{"line":131,"column":42},"end":{"line":131,"column":48}},"line":131},"10":{"name":"(anonymous_10)","decl":{"start":{"line":140,"column":36},"end":{"line":140,"column":37}},"loc":{"start":{"line":140,"column":46},"end":{"line":153,"column":9}},"line":140},"11":{"name":"(anonymous_11)","decl":{"start":{"line":149,"column":37},"end":{"line":149,"column":38}},"loc":{"start":{"line":149,"column":44},"end":{"line":149,"column":50}},"line":149},"12":{"name":"(anonymous_12)","decl":{"start":{"line":162,"column":2},"end":{"line":162,"column":3}},"loc":{"start":{"line":162,"column":41},"end":{"line":240,"column":3}},"line":162},"13":{"name":"(anonymous_13)","decl":{"start":{"line":202,"column":34},"end":{"line":202,"column":35}},"loc":{"start":{"line":202,"column":41},"end":{"line":202,"column":47}},"line":202},"14":{"name":"(anonymous_14)","decl":{"start":{"line":226,"column":34},"end":{"line":226,"column":35}},"loc":{"start":{"line":226,"column":41},"end":{"line":226,"column":47}},"line":226},"15":{"name":"(anonymous_15)","decl":{"start":{"line":230,"column":20},"end":{"line":230,"column":21}},"loc":{"start":{"line":230,"column":27},"end":{"line":230,"column":42}},"line":230}},"branchMap":{"0":{"loc":{"start":{"line":16,"column":6},"end":{"line":21,"column":7}},"type":"if","locations":[{"start":{"line":16,"column":6},"end":{"line":21,"column":7}},{"start":{},"end":{}}],"line":16},"1":{"loc":{"start":{"line":24,"column":6},"end":{"line":28,"column":7}},"type":"if","locations":[{"start":{"line":24,"column":6},"end":{"line":28,"column":7}},{"start":{"line":26,"column":13},"end":{"line":28,"column":7}}],"line":24},"2":{"loc":{"start":{"line":24,"column":10},"end":{"line":24,"column":46}},"type":"binary-expr","locations":[{"start":{"line":24,"column":10},"end":{"line":24,"column":26}},{"start":{"line":24,"column":30},"end":{"line":24,"column":46}}],"line":24},"3":{"loc":{"start":{"line":30,"column":6},"end":{"line":35,"column":7}},"type":"if","locations":[{"start":{"line":30,"column":6},"end":{"line":35,"column":7}},{"start":{},"end":{}}],"line":30},"4":{"loc":{"start":{"line":48,"column":6},"end":{"line":68,"column":7}},"type":"if","locations":[{"start":{"line":48,"column":6},"end":{"line":68,"column":7}},{"start":{},"end":{}}],"line":48},"5":{"loc":{"start":{"line":78,"column":17},"end":{"line":78,"column":29}},"type":"default-arg","locations":[{"start":{"line":78,"column":24},"end":{"line":78,"column":29}}],"line":78},"6":{"loc":{"start":{"line":80,"column":6},"end":{"line":85,"column":7}},"type":"if","locations":[{"start":{"line":80,"column":6},"end":{"line":85,"column":7}},{"start":{},"end":{}}],"line":80},"7":{"loc":{"start":{"line":88,"column":6},"end":{"line":93,"column":7}},"type":"if","locations":[{"start":{"line":88,"column":6},"end":{"line":93,"column":7}},{"start":{},"end":{}}],"line":88},"8":{"loc":{"start":{"line":99,"column":6},"end":{"line":108,"column":7}},"type":"if","locations":[{"start":{"line":99,"column":6},"end":{"line":108,"column":7}},{"start":{},"end":{}}],"line":99},"9":{"loc":{"start":{"line":99,"column":10},"end":{"line":99,"column":43}},"type":"binary-expr","locations":[{"start":{"line":99,"column":10},"end":{"line":99,"column":24}},{"start":{"line":99,"column":28},"end":{"line":99,"column":43}}],"line":99},"10":{"loc":{"start":{"line":110,"column":6},"end":{"line":122,"column":7}},"type":"if","locations":[{"start":{"line":110,"column":6},"end":{"line":122,"column":7}},{"start":{},"end":{}}],"line":110},"11":{"loc":{"start":{"line":110,"column":10},"end":{"line":110,"column":44}},"type":"binary-expr","locations":[{"start":{"line":110,"column":10},"end":{"line":110,"column":24}},{"start":{"line":110,"column":28},"end":{"line":110,"column":44}}],"line":110},"12":{"loc":{"start":{"line":115,"column":20},"end":{"line":115,"column":55}},"type":"binary-expr","locations":[{"start":{"line":115,"column":20},"end":{"line":115,"column":47}},{"start":{"line":115,"column":51},"end":{"line":115,"column":55}}],"line":115},"13":{"loc":{"start":{"line":116,"column":17},"end":{"line":116,"column":35}},"type":"binary-expr","locations":[{"start":{"line":116,"column":17},"end":{"line":116,"column":27}},{"start":{"line":116,"column":31},"end":{"line":116,"column":35}}],"line":116},"14":{"loc":{"start":{"line":117,"column":18},"end":{"line":117,"column":55}},"type":"binary-expr","locations":[{"start":{"line":117,"column":18},"end":{"line":117,"column":49}},{"start":{"line":117,"column":53},"end":{"line":117,"column":55}}],"line":117},"15":{"loc":{"start":{"line":118,"column":20},"end":{"line":118,"column":41}},"type":"binary-expr","locations":[{"start":{"line":118,"column":20},"end":{"line":118,"column":33}},{"start":{"line":118,"column":37},"end":{"line":118,"column":41}}],"line":118},"16":{"loc":{"start":{"line":121,"column":8},"end":{"line":121,"column":45}},"type":"if","locations":[{"start":{"line":121,"column":8},"end":{"line":121,"column":45}},{"start":{},"end":{}}],"line":121},"17":{"loc":{"start":{"line":124,"column":6},"end":{"line":136,"column":7}},"type":"if","locations":[{"start":{"line":124,"column":6},"end":{"line":136,"column":7}},{"start":{},"end":{}}],"line":124},"18":{"loc":{"start":{"line":124,"column":10},"end":{"line":124,"column":44}},"type":"binary-expr","locations":[{"start":{"line":124,"column":10},"end":{"line":124,"column":24}},{"start":{"line":124,"column":28},"end":{"line":124,"column":44}}],"line":124},"19":{"loc":{"start":{"line":129,"column":20},"end":{"line":129,"column":55}},"type":"binary-expr","locations":[{"start":{"line":129,"column":20},"end":{"line":129,"column":47}},{"start":{"line":129,"column":51},"end":{"line":129,"column":55}}],"line":129},"20":{"loc":{"start":{"line":130,"column":17},"end":{"line":130,"column":35}},"type":"binary-expr","locations":[{"start":{"line":130,"column":17},"end":{"line":130,"column":27}},{"start":{"line":130,"column":31},"end":{"line":130,"column":35}}],"line":130},"21":{"loc":{"start":{"line":131,"column":18},"end":{"line":131,"column":55}},"type":"binary-expr","locations":[{"start":{"line":131,"column":18},"end":{"line":131,"column":49}},{"start":{"line":131,"column":53},"end":{"line":131,"column":55}}],"line":131},"22":{"loc":{"start":{"line":132,"column":20},"end":{"line":132,"column":41}},"type":"binary-expr","locations":[{"start":{"line":132,"column":20},"end":{"line":132,"column":33}},{"start":{"line":132,"column":37},"end":{"line":132,"column":41}}],"line":132},"23":{"loc":{"start":{"line":135,"column":8},"end":{"line":135,"column":45}},"type":"if","locations":[{"start":{"line":135,"column":8},"end":{"line":135,"column":45}},{"start":{},"end":{}}],"line":135},"24":{"loc":{"start":{"line":138,"column":6},"end":{"line":154,"column":7}},"type":"if","locations":[{"start":{"line":138,"column":6},"end":{"line":154,"column":7}},{"start":{},"end":{}}],"line":138},"25":{"loc":{"start":{"line":138,"column":10},"end":{"line":138,"column":43}},"type":"binary-expr","locations":[{"start":{"line":138,"column":10},"end":{"line":138,"column":24}},{"start":{"line":138,"column":28},"end":{"line":138,"column":43}}],"line":138},"26":{"loc":{"start":{"line":141,"column":27},"end":{"line":141,"column":50}},"type":"binary-expr","locations":[{"start":{"line":141,"column":27},"end":{"line":141,"column":42}},{"start":{"line":141,"column":46},"end":{"line":141,"column":50}}],"line":141},"27":{"loc":{"start":{"line":145,"column":22},"end":{"line":147,"column":20}},"type":"cond-expr","locations":[{"start":{"line":146,"column":16},"end":{"line":146,"column":69}},{"start":{"line":147,"column":16},"end":{"line":147,"column":20}}],"line":145},"28":{"loc":{"start":{"line":148,"column":19},"end":{"line":148,"column":68}},"type":"cond-expr","locations":[{"start":{"line":148,"column":33},"end":{"line":148,"column":61}},{"start":{"line":148,"column":64},"end":{"line":148,"column":68}}],"line":148},"29":{"loc":{"start":{"line":149,"column":20},"end":{"line":149,"column":57}},"type":"binary-expr","locations":[{"start":{"line":149,"column":20},"end":{"line":149,"column":51}},{"start":{"line":149,"column":55},"end":{"line":149,"column":57}}],"line":149},"30":{"loc":{"start":{"line":150,"column":22},"end":{"line":150,"column":42}},"type":"binary-expr","locations":[{"start":{"line":150,"column":22},"end":{"line":150,"column":34}},{"start":{"line":150,"column":38},"end":{"line":150,"column":42}}],"line":150},"31":{"loc":{"start":{"line":166,"column":6},"end":{"line":171,"column":7}},"type":"if","locations":[{"start":{"line":166,"column":6},"end":{"line":171,"column":7}},{"start":{},"end":{}}],"line":166},"32":{"loc":{"start":{"line":172,"column":6},"end":{"line":177,"column":7}},"type":"if","locations":[{"start":{"line":172,"column":6},"end":{"line":177,"column":7}},{"start":{},"end":{}}],"line":172},"33":{"loc":{"start":{"line":178,"column":6},"end":{"line":183,"column":7}},"type":"if","locations":[{"start":{"line":178,"column":6},"end":{"line":183,"column":7}},{"start":{},"end":{}}],"line":178},"34":{"loc":{"start":{"line":187,"column":6},"end":{"line":234,"column":7}},"type":"if","locations":[{"start":{"line":187,"column":6},"end":{"line":234,"column":7}},{"start":{"line":210,"column":13},"end":{"line":234,"column":7}}],"line":187},"35":{"loc":{"start":{"line":187,"column":10},"end":{"line":187,"column":46}},"type":"binary-expr","locations":[{"start":{"line":187,"column":10},"end":{"line":187,"column":26}},{"start":{"line":187,"column":30},"end":{"line":187,"column":46}}],"line":187},"36":{"loc":{"start":{"line":190,"column":8},"end":{"line":195,"column":9}},"type":"if","locations":[{"start":{"line":190,"column":8},"end":{"line":195,"column":9}},{"start":{},"end":{}}],"line":190},"37":{"loc":{"start":{"line":200,"column":20},"end":{"line":200,"column":54}},"type":"binary-expr","locations":[{"start":{"line":200,"column":20},"end":{"line":200,"column":46}},{"start":{"line":200,"column":50},"end":{"line":200,"column":54}}],"line":200},"38":{"loc":{"start":{"line":201,"column":17},"end":{"line":201,"column":34}},"type":"binary-expr","locations":[{"start":{"line":201,"column":17},"end":{"line":201,"column":26}},{"start":{"line":201,"column":30},"end":{"line":201,"column":34}}],"line":201},"39":{"loc":{"start":{"line":202,"column":18},"end":{"line":202,"column":54}},"type":"binary-expr","locations":[{"start":{"line":202,"column":18},"end":{"line":202,"column":48}},{"start":{"line":202,"column":52},"end":{"line":202,"column":54}}],"line":202},"40":{"loc":{"start":{"line":203,"column":20},"end":{"line":203,"column":40}},"type":"binary-expr","locations":[{"start":{"line":203,"column":20},"end":{"line":203,"column":32}},{"start":{"line":203,"column":36},"end":{"line":203,"column":40}}],"line":203},"41":{"loc":{"start":{"line":204,"column":18},"end":{"line":204,"column":36}},"type":"binary-expr","locations":[{"start":{"line":204,"column":18},"end":{"line":204,"column":28}},{"start":{"line":204,"column":32},"end":{"line":204,"column":36}}],"line":204},"42":{"loc":{"start":{"line":207,"column":20},"end":{"line":207,"column":40}},"type":"binary-expr","locations":[{"start":{"line":207,"column":20},"end":{"line":207,"column":32}},{"start":{"line":207,"column":36},"end":{"line":207,"column":40}}],"line":207},"43":{"loc":{"start":{"line":208,"column":20},"end":{"line":208,"column":40}},"type":"binary-expr","locations":[{"start":{"line":208,"column":20},"end":{"line":208,"column":32}},{"start":{"line":208,"column":36},"end":{"line":208,"column":40}}],"line":208},"44":{"loc":{"start":{"line":212,"column":8},"end":{"line":217,"column":9}},"type":"if","locations":[{"start":{"line":212,"column":8},"end":{"line":217,"column":9}},{"start":{},"end":{}}],"line":212},"45":{"loc":{"start":{"line":218,"column":25},"end":{"line":218,"column":47}},"type":"binary-expr","locations":[{"start":{"line":218,"column":25},"end":{"line":218,"column":39}},{"start":{"line":218,"column":43},"end":{"line":218,"column":47}}],"line":218},"46":{"loc":{"start":{"line":222,"column":20},"end":{"line":224,"column":18}},"type":"cond-expr","locations":[{"start":{"line":223,"column":14},"end":{"line":223,"column":67}},{"start":{"line":224,"column":14},"end":{"line":224,"column":18}}],"line":222},"47":{"loc":{"start":{"line":225,"column":17},"end":{"line":225,"column":64}},"type":"cond-expr","locations":[{"start":{"line":225,"column":30},"end":{"line":225,"column":57}},{"start":{"line":225,"column":60},"end":{"line":225,"column":64}}],"line":225},"48":{"loc":{"start":{"line":226,"column":18},"end":{"line":226,"column":54}},"type":"binary-expr","locations":[{"start":{"line":226,"column":18},"end":{"line":226,"column":48}},{"start":{"line":226,"column":52},"end":{"line":226,"column":54}}],"line":226},"49":{"loc":{"start":{"line":227,"column":20},"end":{"line":227,"column":39}},"type":"binary-expr","locations":[{"start":{"line":227,"column":20},"end":{"line":227,"column":31}},{"start":{"line":227,"column":35},"end":{"line":227,"column":39}}],"line":227},"50":{"loc":{"start":{"line":229,"column":12},"end":{"line":231,"column":36}},"type":"binary-expr","locations":[{"start":{"line":229,"column":12},"end":{"line":231,"column":30}},{"start":{"line":231,"column":34},"end":{"line":231,"column":36}}],"line":229}},"s":{"0":7,"1":7,"2":7,"3":7,"4":7,"5":7,"6":1,"7":6,"8":6,"9":4,"10":2,"11":6,"12":2,"13":4,"14":4,"15":3,"16":4,"17":4,"18":3,"19":3,"20":2,"21":2,"22":2,"23":4,"24":3,"25":9,"26":9,"27":9,"28":1,"29":8,"30":8,"31":1,"32":7,"33":2,"34":2,"35":7,"36":7,"37":2,"38":2,"39":7,"40":3,"41":3,"42":3,"43":2,"44":3,"45":1,"46":7,"47":2,"48":2,"49":2,"50":1,"51":2,"52":1,"53":7,"54":3,"55":3,"56":3,"57":3,"58":2,"59":7,"60":2,"61":9,"62":9,"63":9,"64":1,"65":8,"66":1,"67":7,"68":0,"69":7,"70":7,"71":4,"72":4,"73":1,"74":3,"75":2,"76":3,"77":3,"78":1,"79":2,"80":2,"81":1,"82":1,"83":5,"84":4,"85":7},"f":{"0":7,"1":3,"2":2,"3":9,"4":2,"5":2,"6":3,"7":2,"8":2,"9":1,"10":3,"11":2,"12":9,"13":2,"14":1,"15":1},"b":{"0":[1,6],"1":[4,2],"2":[6,3],"3":[2,4],"4":[3,1],"5":[0],"6":[1,8],"7":[1,7],"8":[2,5],"9":[7,6],"10":[3,4],"11":[7,6],"12":[3,1],"13":[3,1],"14":[3,1],"15":[3,1],"16":[1,2],"17":[2,5],"18":[7,6],"19":[2,1],"20":[2,1],"21":[2,1],"22":[2,1],"23":[1,1],"24":[3,4],"25":[7,6],"26":[3,1],"27":[2,1],"28":[2,1],"29":[3,1],"30":[3,1],"31":[1,8],"32":[1,7],"33":[0,7],"34":[4,3],"35":[7,5],"36":[1,3],"37":[3,1],"38":[3,1],"39":[3,1],"40":[3,1],"41":[3,1],"42":[3,1],"43":[3,3],"44":[1,2],"45":[2,1],"46":[1,1],"47":[1,1],"48":[2,1],"49":[2,1],"50":[2,1]},"_coverageSchema":"1a1c01bbd47fc00a2c39e90264f33305004495a9","hash":"8245197a6bbc9a201d52ec8a05cb16d1720f3c36"}
,"D:\\Documents\\Hacktiv8\\Phase 2\\ip-ahmadjutrzenka-questivate\\controllers\\UserController.js": {"path":"D:\\Documents\\Hacktiv8\\Phase 2\\ip-ahmadjutrzenka-questivate\\controllers\\UserController.js","statementMap":{"0":{"start":{"line":1,"column":47},"end":{"line":1,"column":67}},"1":{"start":{"line":2,"column":15},"end":{"line":2,"column":35}},"2":{"start":{"line":6,"column":4},"end":{"line":23,"column":5}},"3":{"start":{"line":7,"column":22},"end":{"line":7,"column":52}},"4":{"start":{"line":8,"column":20},"end":{"line":8,"column":22}},"5":{"start":{"line":9,"column":6},"end":{"line":13,"column":7}},"6":{"start":{"line":10,"column":8},"end":{"line":12,"column":10}},"7":{"start":{"line":14,"column":20},"end":{"line":18,"column":8}},"8":{"start":{"line":20,"column":6},"end":{"line":20,"column":38}},"9":{"start":{"line":22,"column":6},"end":{"line":22,"column":18}},"10":{"start":{"line":27,"column":4},"end":{"line":89,"column":5}},"11":{"start":{"line":28,"column":27},"end":{"line":28,"column":37}},"12":{"start":{"line":30,"column":19},"end":{"line":33,"column":8}},"13":{"start":{"line":34,"column":6},"end":{"line":36,"column":7}},"14":{"start":{"line":35,"column":8},"end":{"line":35,"column":62}},"15":{"start":{"line":38,"column":26},"end":{"line":48,"column":8}},"16":{"start":{"line":50,"column":24},"end":{"line":61,"column":8}},"17":{"start":{"line":63,"column":23},"end":{"line":66,"column":8}},"18":{"start":{"line":68,"column":20},"end":{"line":72,"column":7}},"19":{"start":{"line":69,"column":41},"end":{"line":69,"column":64}},"20":{"start":{"line":70,"column":41},"end":{"line":70,"column":64}},"21":{"start":{"line":71,"column":40},"end":{"line":71,"column":62}},"22":{"start":{"line":74,"column":6},"end":{"line":86,"column":9}},"23":{"start":{"line":88,"column":6},"end":{"line":88,"column":18}},"24":{"start":{"line":93,"column":0},"end":{"line":93,"column":32}}},"fnMap":{"0":{"name":"(anonymous_0)","decl":{"start":{"line":5,"column":2},"end":{"line":5,"column":3}},"loc":{"start":{"line":5,"column":40},"end":{"line":24,"column":3}},"line":5},"1":{"name":"(anonymous_1)","decl":{"start":{"line":26,"column":2},"end":{"line":26,"column":3}},"loc":{"start":{"line":26,"column":48},"end":{"line":90,"column":3}},"line":26},"2":{"name":"(anonymous_2)","decl":{"start":{"line":69,"column":34},"end":{"line":69,"column":35}},"loc":{"start":{"line":69,"column":41},"end":{"line":69,"column":64}},"line":69},"3":{"name":"(anonymous_3)","decl":{"start":{"line":70,"column":34},"end":{"line":70,"column":35}},"loc":{"start":{"line":70,"column":41},"end":{"line":70,"column":64}},"line":70},"4":{"name":"(anonymous_4)","decl":{"start":{"line":71,"column":33},"end":{"line":71,"column":34}},"loc":{"start":{"line":71,"column":40},"end":{"line":71,"column":62}},"line":71}},"branchMap":{"0":{"loc":{"start":{"line":7,"column":22},"end":{"line":7,"column":52}},"type":"binary-expr","locations":[{"start":{"line":7,"column":22},"end":{"line":7,"column":33}},{"start":{"line":7,"column":37},"end":{"line":7,"column":52}}],"line":7},"1":{"loc":{"start":{"line":9,"column":6},"end":{"line":13,"column":7}},"type":"if","locations":[{"start":{"line":9,"column":6},"end":{"line":13,"column":7}},{"start":{},"end":{}}],"line":9},"2":{"loc":{"start":{"line":34,"column":6},"end":{"line":36,"column":7}},"type":"if","locations":[{"start":{"line":34,"column":6},"end":{"line":36,"column":7}},{"start":{},"end":{}}],"line":34}},"s":{"0":7,"1":7,"2":4,"3":4,"4":4,"5":4,"6":3,"7":4,"8":4,"9":0,"10":8,"11":8,"12":8,"13":8,"14":1,"15":7,"16":7,"17":7,"18":7,"19":12,"20":12,"21":12,"22":7,"23":1,"24":7},"f":{"0":4,"1":8,"2":12,"3":12,"4":12},"b":{"0":[4,1],"1":[3,1],"2":[1,7]},"_coverageSchema":"1a1c01bbd47fc00a2c39e90264f33305004495a9","hash":"c08cdcd2c388e50a8da89f8a493dcbe4fffc1ad6"}
,"D:\\Documents\\Hacktiv8\\Phase 2\\ip-ahmadjutrzenka-questivate\\controllers\\aiController.js": {"path":"D:\\Documents\\Hacktiv8\\Phase 2\\ip-ahmadjutrzenka-questivate\\controllers\\aiController.js","statementMap":{"0":{"start":{"line":1,"column":33},"end":{"line":1,"column":53}},"1":{"start":{"line":2,"column":45},"end":{"line":2,"column":73}},"2":{"start":{"line":3,"column":28},"end":{"line":3,"column":62}},"3":{"start":{"line":6,"column":18},"end":{"line":15,"column":13}},"4":{"start":{"line":8,"column":13},"end":{"line":13,"column":22}},"5":{"start":{"line":18,"column":4},"end":{"line":20,"column":10}},"6":{"start":{"line":22,"column":2},"end":{"line":38,"column":38}},"7":{"start":{"line":43,"column":4},"end":{"line":91,"column":5}},"8":{"start":{"line":44,"column":69},"end":{"line":44,"column":77}},"9":{"start":{"line":46,"column":6},"end":{"line":55,"column":7}},"10":{"start":{"line":51,"column":8},"end":{"line":54,"column":10}},"11":{"start":{"line":56,"column":6},"end":{"line":65,"column":7}},"12":{"start":{"line":61,"column":8},"end":{"line":64,"column":10}},"13":{"start":{"line":67,"column":25},"end":{"line":69,"column":8}},"14":{"start":{"line":71,"column":6},"end":{"line":76,"column":7}},"15":{"start":{"line":72,"column":8},"end":{"line":75,"column":10}},"16":{"start":{"line":78,"column":21},"end":{"line":78,"column":81}},"17":{"start":{"line":79,"column":19},"end":{"line":79,"column":48}},"18":{"start":{"line":81,"column":21},"end":{"line":81,"column":42}},"19":{"start":{"line":82,"column":23},"end":{"line":82,"column":25}},"20":{"start":{"line":83,"column":6},"end":{"line":85,"column":7}},"21":{"start":{"line":84,"column":8},"end":{"line":84,"column":44}},"22":{"start":{"line":86,"column":23},"end":{"line":86,"column":54}},"23":{"start":{"line":88,"column":6},"end":{"line":88,"column":37}},"24":{"start":{"line":90,"column":6},"end":{"line":90,"column":18}},"25":{"start":{"line":95,"column":4},"end":{"line":126,"column":5}},"26":{"start":{"line":96,"column":51},"end":{"line":96,"column":59}},"27":{"start":{"line":98,"column":6},"end":{"line":103,"column":7}},"28":{"start":{"line":99,"column":8},"end":{"line":102,"column":10}},"29":{"start":{"line":105,"column":24},"end":{"line":107,"column":8}},"30":{"start":{"line":109,"column":6},"end":{"line":114,"column":7}},"31":{"start":{"line":110,"column":8},"end":{"line":113,"column":10}},"32":{"start":{"line":116,"column":26},"end":{"line":116,"column":52}},"33":{"start":{"line":117,"column":21},"end":{"line":117,"column":77}},"34":{"start":{"line":118,"column":19},"end":{"line":118,"column":48}},"35":{"start":{"line":120,"column":21},"end":{"line":120,"column":42}},"36":{"start":{"line":121,"column":23},"end":{"line":121,"column":52}},"37":{"start":{"line":123,"column":6},"end":{"line":123,"column":37}},"38":{"start":{"line":125,"column":6},"end":{"line":125,"column":18}},"39":{"start":{"line":130,"column":4},"end":{"line":176,"column":5}},"40":{"start":{"line":131,"column":26},"end":{"line":133,"column":8}},"41":{"start":{"line":135,"column":6},"end":{"line":141,"column":7}},"42":{"start":{"line":136,"column":8},"end":{"line":140,"column":10}},"43":{"start":{"line":143,"column":29},"end":{"line":148,"column":17}},"44":{"start":{"line":145,"column":17},"end":{"line":146,"column":131}},"45":{"start":{"line":150,"column":21},"end":{"line":155,"column":311}},"46":{"start":{"line":157,"column":19},"end":{"line":157,"column":48}},"47":{"start":{"line":158,"column":22},"end":{"line":158,"column":33}},"48":{"start":{"line":159,"column":26},"end":{"line":159,"column":36}},"49":{"start":{"line":161,"column":25},"end":{"line":164,"column":8}},"50":{"start":{"line":166,"column":6},"end":{"line":168,"column":7}},"51":{"start":{"line":167,"column":8},"end":{"line":167,"column":56}},"52":{"start":{"line":170,"column":6},"end":{"line":173,"column":9}},"53":{"start":{"line":175,"column":6},"end":{"line":175,"column":18}},"54":{"start":{"line":180,"column":0},"end":{"line":180,"column":30}}},"fnMap":{"0":{"name":"buildVibePrompt","decl":{"start":{"line":5,"column":9},"end":{"line":5,"column":24}},"loc":{"start":{"line":5,"column":65},"end":{"line":39,"column":1}},"line":5},"1":{"name":"(anonymous_1)","decl":{"start":{"line":8,"column":6},"end":{"line":8,"column":7}},"loc":{"start":{"line":8,"column":13},"end":{"line":13,"column":22}},"line":8},"2":{"name":"(anonymous_2)","decl":{"start":{"line":42,"column":2},"end":{"line":42,"column":3}},"loc":{"start":{"line":42,"column":41},"end":{"line":92,"column":3}},"line":42},"3":{"name":"(anonymous_3)","decl":{"start":{"line":94,"column":2},"end":{"line":94,"column":3}},"loc":{"start":{"line":94,"column":42},"end":{"line":127,"column":3}},"line":94},"4":{"name":"(anonymous_4)","decl":{"start":{"line":129,"column":2},"end":{"line":129,"column":3}},"loc":{"start":{"line":129,"column":48},"end":{"line":177,"column":3}},"line":129},"5":{"name":"(anonymous_5)","decl":{"start":{"line":145,"column":10},"end":{"line":145,"column":11}},"loc":{"start":{"line":145,"column":17},"end":{"line":146,"column":131}},"line":145}},"branchMap":{"0":{"loc":{"start":{"line":10,"column":12},"end":{"line":10,"column":48}},"type":"binary-expr","locations":[{"start":{"line":10,"column":12},"end":{"line":10,"column":39}},{"start":{"line":10,"column":43},"end":{"line":10,"column":48}}],"line":10},"1":{"loc":{"start":{"line":10,"column":13},"end":{"line":10,"column":27}},"type":"binary-expr","locations":[{"start":{"line":10,"column":13},"end":{"line":10,"column":21}},{"start":{"line":10,"column":25},"end":{"line":10,"column":27}}],"line":10},"2":{"loc":{"start":{"line":11,"column":14},"end":{"line":11,"column":55}},"type":"binary-expr","locations":[{"start":{"line":11,"column":14},"end":{"line":11,"column":46}},{"start":{"line":11,"column":50},"end":{"line":11,"column":55}}],"line":11},"3":{"loc":{"start":{"line":11,"column":15},"end":{"line":11,"column":31}},"type":"binary-expr","locations":[{"start":{"line":11,"column":15},"end":{"line":11,"column":25}},{"start":{"line":11,"column":29},"end":{"line":11,"column":31}}],"line":11},"4":{"loc":{"start":{"line":12,"column":11},"end":{"line":12,"column":27}},"type":"binary-expr","locations":[{"start":{"line":12,"column":11},"end":{"line":12,"column":18}},{"start":{"line":12,"column":22},"end":{"line":12,"column":27}}],"line":12},"5":{"loc":{"start":{"line":18,"column":4},"end":{"line":20,"column":10}},"type":"cond-expr","locations":[{"start":{"line":19,"column":8},"end":{"line":19,"column":56}},{"start":{"line":20,"column":8},"end":{"line":20,"column":10}}],"line":18},"6":{"loc":{"start":{"line":18,"column":4},"end":{"line":18,"column":41}},"type":"binary-expr","locations":[{"start":{"line":18,"column":4},"end":{"line":18,"column":17}},{"start":{"line":18,"column":21},"end":{"line":18,"column":41}}],"line":18},"7":{"loc":{"start":{"line":44,"column":46},"end":{"line":44,"column":64}},"type":"default-arg","locations":[{"start":{"line":44,"column":62},"end":{"line":44,"column":64}}],"line":44},"8":{"loc":{"start":{"line":46,"column":6},"end":{"line":55,"column":7}},"type":"if","locations":[{"start":{"line":46,"column":6},"end":{"line":55,"column":7}},{"start":{},"end":{}}],"line":46},"9":{"loc":{"start":{"line":47,"column":8},"end":{"line":49,"column":33}},"type":"binary-expr","locations":[{"start":{"line":47,"column":8},"end":{"line":47,"column":21}},{"start":{"line":48,"column":8},"end":{"line":48,"column":36}},{"start":{"line":49,"column":8},"end":{"line":49,"column":33}}],"line":47},"10":{"loc":{"start":{"line":56,"column":6},"end":{"line":65,"column":7}},"type":"if","locations":[{"start":{"line":56,"column":6},"end":{"line":65,"column":7}},{"start":{},"end":{}}],"line":56},"11":{"loc":{"start":{"line":57,"column":8},"end":{"line":59,"column":37}},"type":"binary-expr","locations":[{"start":{"line":57,"column":8},"end":{"line":57,"column":25}},{"start":{"line":58,"column":8},"end":{"line":58,"column":40}},{"start":{"line":59,"column":8},"end":{"line":59,"column":37}}],"line":57},"12":{"loc":{"start":{"line":71,"column":6},"end":{"line":76,"column":7}},"type":"if","locations":[{"start":{"line":71,"column":6},"end":{"line":76,"column":7}},{"start":{},"end":{}}],"line":71},"13":{"loc":{"start":{"line":84,"column":25},"end":{"line":84,"column":43}},"type":"binary-expr","locations":[{"start":{"line":84,"column":25},"end":{"line":84,"column":37}},{"start":{"line":84,"column":41},"end":{"line":84,"column":43}}],"line":84},"14":{"loc":{"start":{"line":96,"column":28},"end":{"line":96,"column":46}},"type":"default-arg","locations":[{"start":{"line":96,"column":44},"end":{"line":96,"column":46}}],"line":96},"15":{"loc":{"start":{"line":98,"column":6},"end":{"line":103,"column":7}},"type":"if","locations":[{"start":{"line":98,"column":6},"end":{"line":103,"column":7}},{"start":{},"end":{}}],"line":98},"16":{"loc":{"start":{"line":109,"column":6},"end":{"line":114,"column":7}},"type":"if","locations":[{"start":{"line":109,"column":6},"end":{"line":114,"column":7}},{"start":{},"end":{}}],"line":109},"17":{"loc":{"start":{"line":135,"column":6},"end":{"line":141,"column":7}},"type":"if","locations":[{"start":{"line":135,"column":6},"end":{"line":141,"column":7}},{"start":{},"end":{}}],"line":135},"18":{"loc":{"start":{"line":146,"column":42},"end":{"line":146,"column":78}},"type":"binary-expr","locations":[{"start":{"line":146,"column":42},"end":{"line":146,"column":69}},{"start":{"line":146,"column":73},"end":{"line":146,"column":78}}],"line":146},"19":{"loc":{"start":{"line":146,"column":43},"end":{"line":146,"column":57}},"type":"binary-expr","locations":[{"start":{"line":146,"column":43},"end":{"line":146,"column":51}},{"start":{"line":146,"column":55},"end":{"line":146,"column":57}}],"line":146},"20":{"loc":{"start":{"line":146,"column":91},"end":{"line":146,"column":107}},"type":"binary-expr","locations":[{"start":{"line":146,"column":91},"end":{"line":146,"column":98}},{"start":{"line":146,"column":102},"end":{"line":146,"column":107}}],"line":146},"21":{"loc":{"start":{"line":166,"column":6},"end":{"line":168,"column":7}},"type":"if","locations":[{"start":{"line":166,"column":6},"end":{"line":168,"column":7}},{"start":{},"end":{}}],"line":166}},"s":{"0":7,"1":7,"2":7,"3":3,"4":4,"5":3,"6":3,"7":5,"8":5,"9":5,"10":1,"11":4,"12":1,"13":3,"14":3,"15":1,"16":2,"17":2,"18":2,"19":2,"20":2,"21":3,"22":2,"23":2,"24":3,"25":3,"26":3,"27":3,"28":1,"29":2,"30":2,"31":1,"32":1,"33":1,"34":1,"35":1,"36":1,"37":1,"38":2,"39":5,"40":5,"41":5,"42":1,"43":4,"44":8,"45":4,"46":4,"47":4,"48":4,"49":4,"50":4,"51":2,"52":4,"53":1,"54":7},"f":{"0":3,"1":4,"2":5,"3":3,"4":5,"5":8},"b":{"0":[4,1],"1":[4,1],"2":[4,1],"3":[4,1],"4":[4,1],"5":[0,3],"6":[3,3],"7":[5],"8":[1,4],"9":[5,5,5],"10":[1,3],"11":[4,3,3],"12":[1,2],"13":[3,0],"14":[3],"15":[1,2],"16":[1,1],"17":[1,4],"18":[8,0],"19":[8,0],"20":[8,0],"21":[2,2]},"_coverageSchema":"1a1c01bbd47fc00a2c39e90264f33305004495a9","hash":"4eac21746d6aed5d04c8fe4a0d3582479ed3dbdc"}
,"D:\\Documents\\Hacktiv8\\Phase 2\\ip-ahmadjutrzenka-questivate\\helpers\\bcrypt.js": {"path":"D:\\Documents\\Hacktiv8\\Phase 2\\ip-ahmadjutrzenka-questivate\\helpers\\bcrypt.js","statementMap":{"0":{"start":{"line":1,"column":15},"end":{"line":1,"column":34}},"1":{"start":{"line":3,"column":21},"end":{"line":8,"column":1}},"2":{"start":{"line":4,"column":15},"end":{"line":4,"column":37}},"3":{"start":{"line":5,"column":15},"end":{"line":5,"column":48}},"4":{"start":{"line":7,"column":2},"end":{"line":7,"column":14}},"5":{"start":{"line":10,"column":24},"end":{"line":12,"column":1}},"6":{"start":{"line":11,"column":2},"end":{"line":11,"column":57}},"7":{"start":{"line":14,"column":0},"end":{"line":14,"column":51}}},"fnMap":{"0":{"name":"(anonymous_0)","decl":{"start":{"line":3,"column":21},"end":{"line":3,"column":22}},"loc":{"start":{"line":3,"column":37},"end":{"line":8,"column":1}},"line":3},"1":{"name":"(anonymous_1)","decl":{"start":{"line":10,"column":24},"end":{"line":10,"column":25}},"loc":{"start":{"line":10,"column":57},"end":{"line":12,"column":1}},"line":10}},"branchMap":{},"s":{"0":7,"1":7,"2":13,"3":13,"4":13,"5":7,"6":2,"7":7},"f":{"0":13,"1":2},"b":{},"_coverageSchema":"1a1c01bbd47fc00a2c39e90264f33305004495a9","hash":"2e78465cb463b8531819c98f3f93d31d852352de"}
,"D:\\Documents\\Hacktiv8\\Phase 2\\ip-ahmadjutrzenka-questivate\\helpers\\externalApis.js": {"path":"D:\\Documents\\Hacktiv8\\Phase 2\\ip-ahmadjutrzenka-questivate\\helpers\\externalApis.js","statementMap":{"0":{"start":{"line":1,"column":14},"end":{"line":1,"column":30}},"1":{"start":{"line":3,"column":17},"end":{"line":3,"column":21}},"2":{"start":{"line":4,"column":19},"end":{"line":4,"column":20}},"3":{"start":{"line":7,"column":2},"end":{"line":7,"column":65}},"4":{"start":{"line":7,"column":47},"end":{"line":7,"column":65}},"5":{"start":{"line":9,"column":19},"end":{"line":15,"column":4}},"6":{"start":{"line":16,"column":2},"end":{"line":16,"column":42}},"7":{"start":{"line":17,"column":2},"end":{"line":17,"column":71}},"8":{"start":{"line":18,"column":2},"end":{"line":18,"column":20}},"9":{"start":{"line":22,"column":19},"end":{"line":24,"column":4}},"10":{"start":{"line":25,"column":2},"end":{"line":25,"column":34}},"11":{"start":{"line":29,"column":19},"end":{"line":31,"column":4}},"12":{"start":{"line":32,"column":2},"end":{"line":32,"column":34}},"13":{"start":{"line":36,"column":16},"end":{"line":36,"column":36}},"14":{"start":{"line":37,"column":19},"end":{"line":47,"column":3}},"15":{"start":{"line":48,"column":2},"end":{"line":48,"column":29}},"16":{"start":{"line":52,"column":19},"end":{"line":52,"column":76}},"17":{"start":{"line":53,"column":2},"end":{"line":53,"column":36}},"18":{"start":{"line":57,"column":16},"end":{"line":57,"column":36}},"19":{"start":{"line":58,"column":19},"end":{"line":68,"column":3}},"20":{"start":{"line":69,"column":2},"end":{"line":69,"column":34}},"21":{"start":{"line":73,"column":16},"end":{"line":73,"column":73}},"22":{"start":{"line":73,"column":24},"end":{"line":73,"column":73}},"23":{"start":{"line":73,"column":49},"end":{"line":73,"column":72}},"24":{"start":{"line":74,"column":19},"end":{"line":78,"column":3}},"25":{"start":{"line":79,"column":2},"end":{"line":88,"column":3}},"26":{"start":{"line":80,"column":18},"end":{"line":80,"column":52}},"27":{"start":{"line":81,"column":18},"end":{"line":81,"column":26}},"28":{"start":{"line":82,"column":4},"end":{"line":86,"column":7}},"29":{"start":{"line":87,"column":4},"end":{"line":87,"column":21}},"30":{"start":{"line":89,"column":2},"end":{"line":98,"column":3}},"31":{"start":{"line":90,"column":18},"end":{"line":90,"column":52}},"32":{"start":{"line":91,"column":18},"end":{"line":91,"column":26}},"33":{"start":{"line":92,"column":4},"end":{"line":96,"column":7}},"34":{"start":{"line":97,"column":4},"end":{"line":97,"column":21}},"35":{"start":{"line":99,"column":2},"end":{"line":110,"column":3}},"36":{"start":{"line":100,"column":18},"end":{"line":100,"column":46}},"37":{"start":{"line":101,"column":18},"end":{"line":101,"column":26}},"38":{"start":{"line":102,"column":21},"end":{"line":102,"column":46}},"39":{"start":{"line":103,"column":4},"end":{"line":109,"column":7}},"40":{"start":{"line":111,"column":2},"end":{"line":111,"column":18}},"41":{"start":{"line":114,"column":0},"end":{"line":122,"column":2}}},"fnMap":{"0":{"name":"getIGDBToken","decl":{"start":{"line":6,"column":15},"end":{"line":6,"column":27}},"loc":{"start":{"line":6,"column":30},"end":{"line":19,"column":1}},"line":6},"1":{"name":"searchJikanAnime","decl":{"start":{"line":21,"column":15},"end":{"line":21,"column":31}},"loc":{"start":{"line":21,"column":39},"end":{"line":26,"column":1}},"line":21},"2":{"name":"searchJikanManga","decl":{"start":{"line":28,"column":15},"end":{"line":28,"column":31}},"loc":{"start":{"line":28,"column":39},"end":{"line":33,"column":1}},"line":28},"3":{"name":"searchIGDB","decl":{"start":{"line":35,"column":15},"end":{"line":35,"column":25}},"loc":{"start":{"line":35,"column":33},"end":{"line":49,"column":1}},"line":35},"4":{"name":"getDetailJikan","decl":{"start":{"line":51,"column":15},"end":{"line":51,"column":29}},"loc":{"start":{"line":51,"column":40},"end":{"line":54,"column":1}},"line":51},"5":{"name":"getDetailIGDB","decl":{"start":{"line":56,"column":15},"end":{"line":56,"column":28}},"loc":{"start":{"line":56,"column":33},"end":{"line":70,"column":1}},"line":56},"6":{"name":"enrichAIResults","decl":{"start":{"line":72,"column":15},"end":{"line":72,"column":30}},"loc":{"start":{"line":72,"column":40},"end":{"line":112,"column":1}},"line":72},"7":{"name":"(anonymous_7)","decl":{"start":{"line":73,"column":16},"end":{"line":73,"column":17}},"loc":{"start":{"line":73,"column":24},"end":{"line":73,"column":73}},"line":73},"8":{"name":"(anonymous_8)","decl":{"start":{"line":73,"column":36},"end":{"line":73,"column":37}},"loc":{"start":{"line":73,"column":49},"end":{"line":73,"column":72}},"line":73}},"branchMap":{"0":{"loc":{"start":{"line":7,"column":2},"end":{"line":7,"column":65}},"type":"if","locations":[{"start":{"line":7,"column":2},"end":{"line":7,"column":65}},{"start":{},"end":{}}],"line":7},"1":{"loc":{"start":{"line":7,"column":6},"end":{"line":7,"column":45}},"type":"binary-expr","locations":[{"start":{"line":7,"column":6},"end":{"line":7,"column":16}},{"start":{"line":7,"column":20},"end":{"line":7,"column":45}}],"line":7},"2":{"loc":{"start":{"line":25,"column":9},"end":{"line":25,"column":33}},"type":"binary-expr","locations":[{"start":{"line":25,"column":9},"end":{"line":25,"column":27}},{"start":{"line":25,"column":31},"end":{"line":25,"column":33}}],"line":25},"3":{"loc":{"start":{"line":32,"column":9},"end":{"line":32,"column":33}},"type":"binary-expr","locations":[{"start":{"line":32,"column":9},"end":{"line":32,"column":27}},{"start":{"line":32,"column":31},"end":{"line":32,"column":33}}],"line":32},"4":{"loc":{"start":{"line":48,"column":9},"end":{"line":48,"column":28}},"type":"binary-expr","locations":[{"start":{"line":48,"column":9},"end":{"line":48,"column":22}},{"start":{"line":48,"column":26},"end":{"line":48,"column":28}}],"line":48},"5":{"loc":{"start":{"line":53,"column":9},"end":{"line":53,"column":35}},"type":"binary-expr","locations":[{"start":{"line":53,"column":9},"end":{"line":53,"column":27}},{"start":{"line":53,"column":31},"end":{"line":53,"column":35}}],"line":53},"6":{"loc":{"start":{"line":69,"column":9},"end":{"line":69,"column":33}},"type":"binary-expr","locations":[{"start":{"line":69,"column":9},"end":{"line":69,"column":25}},{"start":{"line":69,"column":29},"end":{"line":69,"column":33}}],"line":69},"7":{"loc":{"start":{"line":79,"column":21},"end":{"line":79,"column":40}},"type":"binary-expr","locations":[{"start":{"line":79,"column":21},"end":{"line":79,"column":34}},{"start":{"line":79,"column":38},"end":{"line":79,"column":40}}],"line":79},"8":{"loc":{"start":{"line":84,"column":16},"end":{"line":84,"column":53}},"type":"binary-expr","locations":[{"start":{"line":84,"column":16},"end":{"line":84,"column":45}},{"start":{"line":84,"column":49},"end":{"line":84,"column":53}}],"line":84},"9":{"loc":{"start":{"line":85,"column":18},"end":{"line":85,"column":53}},"type":"cond-expr","locations":[{"start":{"line":85,"column":26},"end":{"line":85,"column":46}},{"start":{"line":85,"column":49},"end":{"line":85,"column":53}}],"line":85},"10":{"loc":{"start":{"line":89,"column":21},"end":{"line":89,"column":40}},"type":"binary-expr","locations":[{"start":{"line":89,"column":21},"end":{"line":89,"column":34}},{"start":{"line":89,"column":38},"end":{"line":89,"column":40}}],"line":89},"11":{"loc":{"start":{"line":94,"column":16},"end":{"line":94,"column":53}},"type":"binary-expr","locations":[{"start":{"line":94,"column":16},"end":{"line":94,"column":45}},{"start":{"line":94,"column":49},"end":{"line":94,"column":53}}],"line":94},"12":{"loc":{"start":{"line":95,"column":18},"end":{"line":95,"column":53}},"type":"cond-expr","locations":[{"start":{"line":95,"column":26},"end":{"line":95,"column":46}},{"start":{"line":95,"column":49},"end":{"line":95,"column":53}}],"line":95},"13":{"loc":{"start":{"line":99,"column":21},"end":{"line":99,"column":39}},"type":"binary-expr","locations":[{"start":{"line":99,"column":21},"end":{"line":99,"column":33}},{"start":{"line":99,"column":37},"end":{"line":99,"column":39}}],"line":99},"14":{"loc":{"start":{"line":102,"column":21},"end":{"line":102,"column":46}},"type":"binary-expr","locations":[{"start":{"line":102,"column":21},"end":{"line":102,"column":38}},{"start":{"line":102,"column":42},"end":{"line":102,"column":46}}],"line":102},"15":{"loc":{"start":{"line":105,"column":16},"end":{"line":107,"column":14}},"type":"cond-expr","locations":[{"start":{"line":106,"column":10},"end":{"line":106,"column":63}},{"start":{"line":107,"column":10},"end":{"line":107,"column":14}}],"line":105},"16":{"loc":{"start":{"line":108,"column":18},"end":{"line":108,"column":49}},"type":"cond-expr","locations":[{"start":{"line":108,"column":26},"end":{"line":108,"column":42}},{"start":{"line":108,"column":45},"end":{"line":108,"column":49}}],"line":108}},"s":{"0":5,"1":5,"2":5,"3":8,"4":7,"5":1,"6":1,"7":1,"8":1,"9":4,"10":4,"11":4,"12":4,"13":4,"14":4,"15":4,"16":3,"17":3,"18":2,"19":2,"20":2,"21":4,"22":4,"23":4,"24":4,"25":4,"26":2,"27":2,"28":2,"29":2,"30":4,"31":2,"32":2,"33":2,"34":2,"35":4,"36":2,"37":2,"38":2,"39":2,"40":4,"41":5},"f":{"0":8,"1":4,"2":4,"3":4,"4":3,"5":2,"6":4,"7":4,"8":4},"b":{"0":[7,1],"1":[8,7],"2":[4,2],"3":[4,2],"4":[4,0],"5":[3,1],"6":[2,1],"7":[4,0],"8":[2,1],"9":[1,1],"10":[4,0],"11":[2,1],"12":[1,1],"13":[4,0],"14":[2,1],"15":[1,1],"16":[1,1]},"_coverageSchema":"1a1c01bbd47fc00a2c39e90264f33305004495a9","hash":"39282a9e8354b54032ca60181124ffa12b79a442"}
,"D:\\Documents\\Hacktiv8\\Phase 2\\ip-ahmadjutrzenka-questivate\\helpers\\gemini.js": {"path":"D:\\Documents\\Hacktiv8\\Phase 2\\ip-ahmadjutrzenka-questivate\\helpers\\gemini.js","statementMap":{"0":{"start":{"line":1,"column":24},"end":{"line":1,"column":48}},"1":{"start":{"line":3,"column":11},"end":{"line":3,"column":66}},"2":{"start":{"line":6,"column":19},"end":{"line":9,"column":4}},"3":{"start":{"line":10,"column":2},"end":{"line":10,"column":23}},"4":{"start":{"line":14,"column":16},"end":{"line":14,"column":55}},"5":{"start":{"line":15,"column":2},"end":{"line":22,"column":3}},"6":{"start":{"line":16,"column":4},"end":{"line":16,"column":29}},"7":{"start":{"line":18,"column":4},"end":{"line":21,"column":6}},"8":{"start":{"line":25,"column":0},"end":{"line":25,"column":54}}},"fnMap":{"0":{"name":"generateContent","decl":{"start":{"line":5,"column":15},"end":{"line":5,"column":30}},"loc":{"start":{"line":5,"column":39},"end":{"line":11,"column":1}},"line":5},"1":{"name":"parseGeminiJSON","decl":{"start":{"line":13,"column":9},"end":{"line":13,"column":24}},"loc":{"start":{"line":13,"column":31},"end":{"line":23,"column":1}},"line":13}},"branchMap":{},"s":{"0":8,"1":8,"2":1,"3":1,"4":6,"5":6,"6":6,"7":2,"8":8},"f":{"0":1,"1":6},"b":{},"_coverageSchema":"1a1c01bbd47fc00a2c39e90264f33305004495a9","hash":"529e8b1435eb732429c8c5e7712517b53d081be9"}
,"D:\\Documents\\Hacktiv8\\Phase 2\\ip-ahmadjutrzenka-questivate\\helpers\\jwt.js": {"path":"D:\\Documents\\Hacktiv8\\Phase 2\\ip-ahmadjutrzenka-questivate\\helpers\\jwt.js","statementMap":{"0":{"start":{"line":1,"column":12},"end":{"line":1,"column":35}},"1":{"start":{"line":3,"column":18},"end":{"line":5,"column":1}},"2":{"start":{"line":4,"column":2},"end":{"line":4,"column":55}},"3":{"start":{"line":7,"column":20},"end":{"line":9,"column":1}},"4":{"start":{"line":8,"column":2},"end":{"line":8,"column":55}},"5":{"start":{"line":10,"column":0},"end":{"line":10,"column":44}}},"fnMap":{"0":{"name":"(anonymous_0)","decl":{"start":{"line":3,"column":18},"end":{"line":3,"column":19}},"loc":{"start":{"line":3,"column":31},"end":{"line":5,"column":1}},"line":3},"1":{"name":"(anonymous_1)","decl":{"start":{"line":7,"column":20},"end":{"line":7,"column":21}},"loc":{"start":{"line":7,"column":31},"end":{"line":9,"column":1}},"line":7}},"branchMap":{},"s":{"0":7,"1":7,"2":13,"3":7,"4":62,"5":7},"f":{"0":13,"1":62},"b":{},"_coverageSchema":"1a1c01bbd47fc00a2c39e90264f33305004495a9","hash":"44734140fd0ee4f6b027dbafc18e5bf30199d41f"}
,"D:\\Documents\\Hacktiv8\\Phase 2\\ip-ahmadjutrzenka-questivate\\middlewares\\authentication.js": {"path":"D:\\Documents\\Hacktiv8\\Phase 2\\ip-ahmadjutrzenka-questivate\\middlewares\\authentication.js","statementMap":{"0":{"start":{"line":1,"column":24},"end":{"line":1,"column":49}},"1":{"start":{"line":2,"column":17},"end":{"line":2,"column":37}},"2":{"start":{"line":4,"column":23},"end":{"line":46,"column":1}},"3":{"start":{"line":5,"column":2},"end":{"line":45,"column":3}},"4":{"start":{"line":7,"column":30},"end":{"line":7,"column":41}},"5":{"start":{"line":9,"column":4},"end":{"line":12,"column":5}},"6":{"start":{"line":11,"column":6},"end":{"line":11,"column":63}},"7":{"start":{"line":15,"column":21},"end":{"line":15,"column":45}},"8":{"start":{"line":16,"column":22},"end":{"line":16,"column":33}},"9":{"start":{"line":17,"column":23},"end":{"line":17,"column":34}},"10":{"start":{"line":19,"column":4},"end":{"line":21,"column":5}},"11":{"start":{"line":20,"column":6},"end":{"line":20,"column":63}},"12":{"start":{"line":24,"column":20},"end":{"line":24,"column":43}},"13":{"start":{"line":28,"column":17},"end":{"line":32,"column":6}},"14":{"start":{"line":34,"column":4},"end":{"line":36,"column":5}},"15":{"start":{"line":35,"column":6},"end":{"line":35,"column":63}},"16":{"start":{"line":38,"column":4},"end":{"line":40,"column":6}},"17":{"start":{"line":42,"column":4},"end":{"line":42,"column":11}},"18":{"start":{"line":44,"column":4},"end":{"line":44,"column":16}},"19":{"start":{"line":48,"column":0},"end":{"line":48,"column":32}}},"fnMap":{"0":{"name":"(anonymous_0)","decl":{"start":{"line":4,"column":23},"end":{"line":4,"column":24}},"loc":{"start":{"line":4,"column":49},"end":{"line":46,"column":1}},"line":4}},"branchMap":{"0":{"loc":{"start":{"line":9,"column":4},"end":{"line":12,"column":5}},"type":"if","locations":[{"start":{"line":9,"column":4},"end":{"line":12,"column":5}},{"start":{},"end":{}}],"line":9},"1":{"loc":{"start":{"line":19,"column":4},"end":{"line":21,"column":5}},"type":"if","locations":[{"start":{"line":19,"column":4},"end":{"line":21,"column":5}},{"start":{},"end":{}}],"line":19},"2":{"loc":{"start":{"line":19,"column":8},"end":{"line":19,"column":45}},"type":"binary-expr","locations":[{"start":{"line":19,"column":8},"end":{"line":19,"column":30}},{"start":{"line":19,"column":34},"end":{"line":19,"column":45}}],"line":19},"3":{"loc":{"start":{"line":34,"column":4},"end":{"line":36,"column":5}},"type":"if","locations":[{"start":{"line":34,"column":4},"end":{"line":36,"column":5}},{"start":{},"end":{}}],"line":34}},"s":{"0":7,"1":7,"2":7,"3":69,"4":69,"5":69,"6":5,"7":64,"8":64,"9":64,"10":64,"11":2,"12":62,"13":61,"14":61,"15":1,"16":60,"17":60,"18":9,"19":7},"f":{"0":69},"b":{"0":[5,64],"1":[2,62],"2":[64,63],"3":[1,60]},"_coverageSchema":"1a1c01bbd47fc00a2c39e90264f33305004495a9","hash":"36258eaea98cc7b78012a5c38214f0d887d33054"}
,"D:\\Documents\\Hacktiv8\\Phase 2\\ip-ahmadjutrzenka-questivate\\middlewares\\authorization.js": {"path":"D:\\Documents\\Hacktiv8\\Phase 2\\ip-ahmadjutrzenka-questivate\\middlewares\\authorization.js","statementMap":{"0":{"start":{"line":1,"column":31},"end":{"line":1,"column":51}},"1":{"start":{"line":3,"column":22},"end":{"line":34,"column":1}},"2":{"start":{"line":4,"column":2},"end":{"line":33,"column":3}},"3":{"start":{"line":5,"column":19},"end":{"line":5,"column":29}},"4":{"start":{"line":6,"column":19},"end":{"line":6,"column":30}},"5":{"start":{"line":8,"column":26},"end":{"line":8,"column":58}},"6":{"start":{"line":10,"column":4},"end":{"line":28,"column":5}},"7":{"start":{"line":11,"column":21},"end":{"line":11,"column":46}},"8":{"start":{"line":13,"column":6},"end":{"line":15,"column":7}},"9":{"start":{"line":14,"column":8},"end":{"line":14,"column":64}},"10":{"start":{"line":16,"column":6},"end":{"line":18,"column":7}},"11":{"start":{"line":17,"column":8},"end":{"line":17,"column":71}},"12":{"start":{"line":20,"column":25},"end":{"line":20,"column":54}},"13":{"start":{"line":22,"column":6},"end":{"line":24,"column":7}},"14":{"start":{"line":23,"column":8},"end":{"line":23,"column":68}},"15":{"start":{"line":25,"column":6},"end":{"line":27,"column":7}},"16":{"start":{"line":26,"column":8},"end":{"line":26,"column":71}},"17":{"start":{"line":30,"column":4},"end":{"line":30,"column":11}},"18":{"start":{"line":32,"column":4},"end":{"line":32,"column":16}},"19":{"start":{"line":36,"column":0},"end":{"line":36,"column":31}}},"fnMap":{"0":{"name":"(anonymous_0)","decl":{"start":{"line":3,"column":22},"end":{"line":3,"column":23}},"loc":{"start":{"line":3,"column":48},"end":{"line":34,"column":1}},"line":3}},"branchMap":{"0":{"loc":{"start":{"line":10,"column":4},"end":{"line":28,"column":5}},"type":"if","locations":[{"start":{"line":10,"column":4},"end":{"line":28,"column":5}},{"start":{"line":19,"column":11},"end":{"line":28,"column":5}}],"line":10},"1":{"loc":{"start":{"line":13,"column":6},"end":{"line":15,"column":7}},"type":"if","locations":[{"start":{"line":13,"column":6},"end":{"line":15,"column":7}},{"start":{},"end":{}}],"line":13},"2":{"loc":{"start":{"line":16,"column":6},"end":{"line":18,"column":7}},"type":"if","locations":[{"start":{"line":16,"column":6},"end":{"line":18,"column":7}},{"start":{},"end":{}}],"line":16},"3":{"loc":{"start":{"line":22,"column":6},"end":{"line":24,"column":7}},"type":"if","locations":[{"start":{"line":22,"column":6},"end":{"line":24,"column":7}},{"start":{},"end":{}}],"line":22},"4":{"loc":{"start":{"line":25,"column":6},"end":{"line":27,"column":7}},"type":"if","locations":[{"start":{"line":25,"column":6},"end":{"line":27,"column":7}},{"start":{},"end":{}}],"line":25}},"s":{"0":7,"1":7,"2":15,"3":15,"4":15,"5":15,"6":15,"7":5,"8":5,"9":1,"10":4,"11":2,"12":10,"13":10,"14":2,"15":8,"16":3,"17":7,"18":8,"19":7},"f":{"0":15},"b":{"0":[5,10],"1":[1,4],"2":[2,2],"3":[2,8],"4":[3,5]},"_coverageSchema":"1a1c01bbd47fc00a2c39e90264f33305004495a9","hash":"7a5454b08bc3f7d9951b7c1ab7802b9e4a2da0ae"}
,"D:\\Documents\\Hacktiv8\\Phase 2\\ip-ahmadjutrzenka-questivate\\middlewares\\errorHandler.js": {"path":"D:\\Documents\\Hacktiv8\\Phase 2\\ip-ahmadjutrzenka-questivate\\middlewares\\errorHandler.js","statementMap":{"0":{"start":{"line":1,"column":21},"end":{"line":30,"column":1}},"1":{"start":{"line":2,"column":2},"end":{"line":2,"column":19}},"2":{"start":{"line":4,"column":20},"end":{"line":4,"column":28}},"3":{"start":{"line":6,"column":2},"end":{"line":29,"column":3}},"4":{"start":{"line":9,"column":6},"end":{"line":9,"column":63}},"5":{"start":{"line":10,"column":6},"end":{"line":10,"column":12}},"6":{"start":{"line":12,"column":6},"end":{"line":12,"column":53}},"7":{"start":{"line":13,"column":6},"end":{"line":13,"column":12}},"8":{"start":{"line":15,"column":6},"end":{"line":15,"column":57}},"9":{"start":{"line":16,"column":6},"end":{"line":16,"column":12}},"10":{"start":{"line":18,"column":6},"end":{"line":18,"column":53}},"11":{"start":{"line":19,"column":6},"end":{"line":19,"column":12}},"12":{"start":{"line":21,"column":6},"end":{"line":21,"column":53}},"13":{"start":{"line":22,"column":6},"end":{"line":22,"column":12}},"14":{"start":{"line":24,"column":6},"end":{"line":24,"column":53}},"15":{"start":{"line":25,"column":6},"end":{"line":25,"column":12}},"16":{"start":{"line":27,"column":6},"end":{"line":27,"column":65}},"17":{"start":{"line":28,"column":6},"end":{"line":28,"column":12}},"18":{"start":{"line":32,"column":0},"end":{"line":32,"column":30}}},"fnMap":{"0":{"name":"(anonymous_0)","decl":{"start":{"line":1,"column":21},"end":{"line":1,"column":22}},"loc":{"start":{"line":1,"column":46},"end":{"line":30,"column":1}},"line":1}},"branchMap":{"0":{"loc":{"start":{"line":6,"column":2},"end":{"line":29,"column":3}},"type":"switch","locations":[{"start":{"line":7,"column":4},"end":{"line":7,"column":36}},{"start":{"line":8,"column":4},"end":{"line":10,"column":12}},{"start":{"line":11,"column":4},"end":{"line":13,"column":12}},{"start":{"line":14,"column":4},"end":{"line":16,"column":12}},{"start":{"line":17,"column":4},"end":{"line":19,"column":12}},{"start":{"line":20,"column":4},"end":{"line":22,"column":12}},{"start":{"line":23,"column":4},"end":{"line":25,"column":12}},{"start":{"line":26,"column":4},"end":{"line":28,"column":12}}],"line":6}},"s":{"0":7,"1":52,"2":52,"3":52,"4":5,"5":5,"6":17,"7":17,"8":1,"9":1,"10":11,"11":11,"12":6,"13":6,"14":12,"15":12,"16":0,"17":0,"18":7},"f":{"0":52},"b":{"0":[3,5,17,1,11,6,12,0]},"_coverageSchema":"1a1c01bbd47fc00a2c39e90264f33305004495a9","hash":"7e564839cc8456ae945a443f7ec3d26bbf166223"}
,"D:\\Documents\\Hacktiv8\\Phase 2\\ip-ahmadjutrzenka-questivate\\models\\collection.js": {"path":"D:\\Documents\\Hacktiv8\\Phase 2\\ip-ahmadjutrzenka-questivate\\models\\collection.js","statementMap":{"0":{"start":{"line":2,"column":18},"end":{"line":2,"column":38}},"1":{"start":{"line":3,"column":0},"end":{"line":110,"column":2}},"2":{"start":{"line":6,"column":6},"end":{"line":8,"column":9}},"3":{"start":{"line":9,"column":6},"end":{"line":11,"column":9}},"4":{"start":{"line":14,"column":2},"end":{"line":108,"column":4}},"5":{"start":{"line":109,"column":2},"end":{"line":109,"column":20}}},"fnMap":{"0":{"name":"(anonymous_0)","decl":{"start":{"line":3,"column":17},"end":{"line":3,"column":18}},"loc":{"start":{"line":3,"column":43},"end":{"line":110,"column":1}},"line":3},"1":{"name":"(anonymous_1)","decl":{"start":{"line":5,"column":4},"end":{"line":5,"column":5}},"loc":{"start":{"line":5,"column":29},"end":{"line":12,"column":5}},"line":5}},"branchMap":{},"s":{"0":7,"1":7,"2":7,"3":7,"4":7,"5":7},"f":{"0":7,"1":7},"b":{},"_coverageSchema":"1a1c01bbd47fc00a2c39e90264f33305004495a9","hash":"39387a9573bad64b2efc92b47d861049afe9405c"}
,"D:\\Documents\\Hacktiv8\\Phase 2\\ip-ahmadjutrzenka-questivate\\models\\index.js": {"path":"D:\\Documents\\Hacktiv8\\Phase 2\\ip-ahmadjutrzenka-questivate\\models\\index.js","statementMap":{"0":{"start":{"line":3,"column":11},"end":{"line":3,"column":24}},"1":{"start":{"line":4,"column":13},"end":{"line":4,"column":28}},"2":{"start":{"line":5,"column":18},"end":{"line":5,"column":38}},"3":{"start":{"line":6,"column":16},"end":{"line":6,"column":34}},"4":{"start":{"line":7,"column":17},"end":{"line":7,"column":42}},"5":{"start":{"line":8,"column":12},"end":{"line":8,"column":49}},"6":{"start":{"line":9,"column":15},"end":{"line":9,"column":65}},"7":{"start":{"line":10,"column":11},"end":{"line":10,"column":13}},"8":{"start":{"line":13,"column":0},"end":{"line":17,"column":1}},"9":{"start":{"line":14,"column":2},"end":{"line":14,"column":74}},"10":{"start":{"line":16,"column":2},"end":{"line":16,"column":87}},"11":{"start":{"line":19,"column":0},"end":{"line":32,"column":5}},"12":{"start":{"line":22,"column":4},"end":{"line":27,"column":6}},"13":{"start":{"line":30,"column":18},"end":{"line":30,"column":85}},"14":{"start":{"line":31,"column":4},"end":{"line":31,"column":27}},"15":{"start":{"line":34,"column":0},"end":{"line":38,"column":3}},"16":{"start":{"line":35,"column":2},"end":{"line":37,"column":3}},"17":{"start":{"line":36,"column":4},"end":{"line":36,"column":32}},"18":{"start":{"line":40,"column":0},"end":{"line":40,"column":25}},"19":{"start":{"line":41,"column":0},"end":{"line":41,"column":25}},"20":{"start":{"line":43,"column":0},"end":{"line":43,"column":20}}},"fnMap":{"0":{"name":"(anonymous_0)","decl":{"start":{"line":21,"column":10},"end":{"line":21,"column":11}},"loc":{"start":{"line":21,"column":18},"end":{"line":28,"column":3}},"line":21},"1":{"name":"(anonymous_1)","decl":{"start":{"line":29,"column":11},"end":{"line":29,"column":12}},"loc":{"start":{"line":29,"column":19},"end":{"line":32,"column":3}},"line":29},"2":{"name":"(anonymous_2)","decl":{"start":{"line":34,"column":24},"end":{"line":34,"column":25}},"loc":{"start":{"line":34,"column":37},"end":{"line":38,"column":1}},"line":34}},"branchMap":{"0":{"loc":{"start":{"line":8,"column":12},"end":{"line":8,"column":49}},"type":"binary-expr","locations":[{"start":{"line":8,"column":12},"end":{"line":8,"column":32}},{"start":{"line":8,"column":36},"end":{"line":8,"column":49}}],"line":8},"1":{"loc":{"start":{"line":13,"column":0},"end":{"line":17,"column":1}},"type":"if","locations":[{"start":{"line":13,"column":0},"end":{"line":17,"column":1}},{"start":{"line":15,"column":7},"end":{"line":17,"column":1}}],"line":13},"2":{"loc":{"start":{"line":23,"column":6},"end":{"line":26,"column":37}},"type":"binary-expr","locations":[{"start":{"line":23,"column":6},"end":{"line":23,"column":29}},{"start":{"line":24,"column":6},"end":{"line":24,"column":23}},{"start":{"line":25,"column":6},"end":{"line":25,"column":30}},{"start":{"line":26,"column":6},"end":{"line":26,"column":37}}],"line":23},"3":{"loc":{"start":{"line":35,"column":2},"end":{"line":37,"column":3}},"type":"if","locations":[{"start":{"line":35,"column":2},"end":{"line":37,"column":3}},{"start":{},"end":{}}],"line":35}},"s":{"0":7,"1":7,"2":7,"3":7,"4":7,"5":7,"6":7,"7":7,"8":7,"9":0,"10":7,"11":7,"12":35,"13":28,"14":28,"15":7,"16":28,"17":28,"18":7,"19":7,"20":7},"f":{"0":35,"1":28,"2":28},"b":{"0":[7,0],"1":[0,7],"2":[35,35,28,28],"3":[28,0]},"_coverageSchema":"1a1c01bbd47fc00a2c39e90264f33305004495a9","hash":"61258596f334d7cbc95deaf3ba91673037f2df98"}
,"D:\\Documents\\Hacktiv8\\Phase 2\\ip-ahmadjutrzenka-questivate\\models\\review.js": {"path":"D:\\Documents\\Hacktiv8\\Phase 2\\ip-ahmadjutrzenka-questivate\\models\\review.js","statementMap":{"0":{"start":{"line":2,"column":18},"end":{"line":2,"column":38}},"1":{"start":{"line":3,"column":0},"end":{"line":70,"column":2}},"2":{"start":{"line":6,"column":6},"end":{"line":8,"column":9}},"3":{"start":{"line":9,"column":6},"end":{"line":11,"column":9}},"4":{"start":{"line":14,"column":2},"end":{"line":68,"column":4}},"5":{"start":{"line":69,"column":2},"end":{"line":69,"column":16}}},"fnMap":{"0":{"name":"(anonymous_0)","decl":{"start":{"line":3,"column":17},"end":{"line":3,"column":18}},"loc":{"start":{"line":3,"column":43},"end":{"line":70,"column":1}},"line":3},"1":{"name":"(anonymous_1)","decl":{"start":{"line":5,"column":4},"end":{"line":5,"column":5}},"loc":{"start":{"line":5,"column":29},"end":{"line":12,"column":5}},"line":5}},"branchMap":{},"s":{"0":7,"1":7,"2":7,"3":7,"4":7,"5":7},"f":{"0":7,"1":7},"b":{},"_coverageSchema":"1a1c01bbd47fc00a2c39e90264f33305004495a9","hash":"b263cc317aeedd90f97261e461574f8be8b6c2d2"}
,"D:\\Documents\\Hacktiv8\\Phase 2\\ip-ahmadjutrzenka-questivate\\models\\tastedna.js": {"path":"D:\\Documents\\Hacktiv8\\Phase 2\\ip-ahmadjutrzenka-questivate\\models\\tastedna.js","statementMap":{"0":{"start":{"line":2,"column":18},"end":{"line":2,"column":38}},"1":{"start":{"line":3,"column":0},"end":{"line":59,"column":2}},"2":{"start":{"line":6,"column":6},"end":{"line":8,"column":9}},"3":{"start":{"line":11,"column":2},"end":{"line":57,"column":4}},"4":{"start":{"line":58,"column":2},"end":{"line":58,"column":18}}},"fnMap":{"0":{"name":"(anonymous_0)","decl":{"start":{"line":3,"column":17},"end":{"line":3,"column":18}},"loc":{"start":{"line":3,"column":43},"end":{"line":59,"column":1}},"line":3},"1":{"name":"(anonymous_1)","decl":{"start":{"line":5,"column":4},"end":{"line":5,"column":5}},"loc":{"start":{"line":5,"column":29},"end":{"line":9,"column":5}},"line":5}},"branchMap":{},"s":{"0":7,"1":7,"2":7,"3":7,"4":7},"f":{"0":7,"1":7},"b":{},"_coverageSchema":"1a1c01bbd47fc00a2c39e90264f33305004495a9","hash":"d6e389eee5ace23cc657395740048e8705962fdc"}
,"D:\\Documents\\Hacktiv8\\Phase 2\\ip-ahmadjutrzenka-questivate\\models\\user.js": {"path":"D:\\Documents\\Hacktiv8\\Phase 2\\ip-ahmadjutrzenka-questivate\\models\\user.js","statementMap":{"0":{"start":{"line":2,"column":18},"end":{"line":2,"column":38}},"1":{"start":{"line":4,"column":0},"end":{"line":93,"column":2}},"2":{"start":{"line":7,"column":6},"end":{"line":9,"column":9}},"3":{"start":{"line":10,"column":6},"end":{"line":12,"column":9}},"4":{"start":{"line":13,"column":6},"end":{"line":15,"column":9}},"5":{"start":{"line":18,"column":2},"end":{"line":85,"column":4}},"6":{"start":{"line":86,"column":2},"end":{"line":91,"column":5}},"7":{"start":{"line":87,"column":29},"end":{"line":87,"column":57}},"8":{"start":{"line":88,"column":4},"end":{"line":90,"column":5}},"9":{"start":{"line":89,"column":6},"end":{"line":89,"column":50}},"10":{"start":{"line":92,"column":2},"end":{"line":92,"column":14}}},"fnMap":{"0":{"name":"(anonymous_0)","decl":{"start":{"line":4,"column":17},"end":{"line":4,"column":18}},"loc":{"start":{"line":4,"column":43},"end":{"line":93,"column":1}},"line":4},"1":{"name":"(anonymous_1)","decl":{"start":{"line":6,"column":4},"end":{"line":6,"column":5}},"loc":{"start":{"line":6,"column":29},"end":{"line":16,"column":5}},"line":6},"2":{"name":"(anonymous_2)","decl":{"start":{"line":86,"column":20},"end":{"line":86,"column":21}},"loc":{"start":{"line":86,"column":30},"end":{"line":91,"column":3}},"line":86}},"branchMap":{"0":{"loc":{"start":{"line":88,"column":4},"end":{"line":90,"column":5}},"type":"if","locations":[{"start":{"line":88,"column":4},"end":{"line":90,"column":5}},{"start":{},"end":{}}],"line":88}},"s":{"0":7,"1":7,"2":7,"3":7,"4":7,"5":7,"6":7,"7":14,"8":14,"9":13,"10":7},"f":{"0":7,"1":7,"2":14},"b":{"0":[13,1]},"_coverageSchema":"1a1c01bbd47fc00a2c39e90264f33305004495a9","hash":"959cdf8c6ecb539af920b1e1c0ea23b24fc48383"}
,"D:\\Documents\\Hacktiv8\\Phase 2\\ip-ahmadjutrzenka-questivate\\routes\\ai.js": {"path":"D:\\Documents\\Hacktiv8\\Phase 2\\ip-ahmadjutrzenka-questivate\\routes\\ai.js","statementMap":{"0":{"start":{"line":1,"column":15},"end":{"line":1,"column":42}},"1":{"start":{"line":3,"column":21},"end":{"line":3,"column":59}},"2":{"start":{"line":5,"column":0},"end":{"line":5,"column":51}},"3":{"start":{"line":6,"column":0},"end":{"line":6,"column":53}},"4":{"start":{"line":7,"column":0},"end":{"line":7,"column":57}},"5":{"start":{"line":9,"column":0},"end":{"line":9,"column":24}}},"fnMap":{},"branchMap":{},"s":{"0":7,"1":7,"2":7,"3":7,"4":7,"5":7},"f":{},"b":{},"_coverageSchema":"1a1c01bbd47fc00a2c39e90264f33305004495a9","hash":"ff99555a9ef2cd081e08de50bf40f17fc5ba82e5"}
,"D:\\Documents\\Hacktiv8\\Phase 2\\ip-ahmadjutrzenka-questivate\\routes\\auth.js": {"path":"D:\\Documents\\Hacktiv8\\Phase 2\\ip-ahmadjutrzenka-questivate\\routes\\auth.js","statementMap":{"0":{"start":{"line":1,"column":15},"end":{"line":1,"column":42}},"1":{"start":{"line":3,"column":23},"end":{"line":3,"column":63}},"2":{"start":{"line":4,"column":23},"end":{"line":4,"column":63}},"3":{"start":{"line":6,"column":0},"end":{"line":6,"column":50}},"4":{"start":{"line":7,"column":0},"end":{"line":7,"column":44}},"5":{"start":{"line":8,"column":0},"end":{"line":8,"column":57}},"6":{"start":{"line":11,"column":0},"end":{"line":11,"column":27}},"7":{"start":{"line":12,"column":0},"end":{"line":12,"column":52}},"8":{"start":{"line":13,"column":0},"end":{"line":13,"column":57}},"9":{"start":{"line":14,"column":0},"end":{"line":14,"column":63}},"10":{"start":{"line":16,"column":0},"end":{"line":16,"column":24}}},"fnMap":{},"branchMap":{},"s":{"0":7,"1":7,"2":7,"3":7,"4":7,"5":7,"6":7,"7":7,"8":7,"9":7,"10":7},"f":{},"b":{},"_coverageSchema":"1a1c01bbd47fc00a2c39e90264f33305004495a9","hash":"83f9d464c04558f9f62cb29b24ff1bd402f423bd"}
,"D:\\Documents\\Hacktiv8\\Phase 2\\ip-ahmadjutrzenka-questivate\\routes\\collections.js": {"path":"D:\\Documents\\Hacktiv8\\Phase 2\\ip-ahmadjutrzenka-questivate\\routes\\collections.js","statementMap":{"0":{"start":{"line":1,"column":15},"end":{"line":1,"column":42}},"1":{"start":{"line":3,"column":29},"end":{"line":3,"column":75}},"2":{"start":{"line":4,"column":22},"end":{"line":4,"column":61}},"3":{"start":{"line":6,"column":0},"end":{"line":6,"column":55}},"4":{"start":{"line":7,"column":0},"end":{"line":7,"column":53}},"5":{"start":{"line":8,"column":0},"end":{"line":8,"column":74}},"6":{"start":{"line":9,"column":0},"end":{"line":9,"column":75}},"7":{"start":{"line":10,"column":0},"end":{"line":10,"column":76}},"8":{"start":{"line":12,"column":0},"end":{"line":12,"column":24}}},"fnMap":{},"branchMap":{},"s":{"0":7,"1":7,"2":7,"3":7,"4":7,"5":7,"6":7,"7":7,"8":7},"f":{},"b":{},"_coverageSchema":"1a1c01bbd47fc00a2c39e90264f33305004495a9","hash":"df4fdd756b6640bd893fa36d653883c24a99df8a"}
,"D:\\Documents\\Hacktiv8\\Phase 2\\ip-ahmadjutrzenka-questivate\\routes\\index.js": {"path":"D:\\Documents\\Hacktiv8\\Phase 2\\ip-ahmadjutrzenka-questivate\\routes\\index.js","statementMap":{"0":{"start":{"line":1,"column":15},"end":{"line":1,"column":42}},"1":{"start":{"line":2,"column":23},"end":{"line":2,"column":63}},"2":{"start":{"line":4,"column":19},"end":{"line":4,"column":36}},"3":{"start":{"line":5,"column":20},"end":{"line":5,"column":38}},"4":{"start":{"line":6,"column":26},"end":{"line":6,"column":50}},"5":{"start":{"line":7,"column":22},"end":{"line":7,"column":42}},"6":{"start":{"line":8,"column":21},"end":{"line":8,"column":40}},"7":{"start":{"line":9,"column":20},"end":{"line":9,"column":38}},"8":{"start":{"line":10,"column":17},"end":{"line":10,"column":32}},"9":{"start":{"line":13,"column":0},"end":{"line":13,"column":32}},"10":{"start":{"line":14,"column":0},"end":{"line":14,"column":34}},"11":{"start":{"line":15,"column":0},"end":{"line":15,"column":38}},"12":{"start":{"line":16,"column":0},"end":{"line":16,"column":34}},"13":{"start":{"line":19,"column":0},"end":{"line":19,"column":27}},"14":{"start":{"line":20,"column":0},"end":{"line":20,"column":46}},"15":{"start":{"line":21,"column":0},"end":{"line":21,"column":36}},"16":{"start":{"line":22,"column":0},"end":{"line":22,"column":28}},"17":{"start":{"line":24,"column":0},"end":{"line":24,"column":24}}},"fnMap":{},"branchMap":{},"s":{"0":7,"1":7,"2":7,"3":7,"4":7,"5":7,"6":7,"7":7,"8":7,"9":7,"10":7,"11":7,"12":7,"13":7,"14":7,"15":7,"16":7,"17":7},"f":{},"b":{},"_coverageSchema":"1a1c01bbd47fc00a2c39e90264f33305004495a9","hash":"e889f59c462359045a3c9cf9ca3b86e3a34c3ba4"}
,"D:\\Documents\\Hacktiv8\\Phase 2\\ip-ahmadjutrzenka-questivate\\routes\\media.js": {"path":"D:\\Documents\\Hacktiv8\\Phase 2\\ip-ahmadjutrzenka-questivate\\routes\\media.js","statementMap":{"0":{"start":{"line":1,"column":15},"end":{"line":1,"column":42}},"1":{"start":{"line":3,"column":25},"end":{"line":3,"column":67}},"2":{"start":{"line":5,"column":0},"end":{"line":5,"column":67}},"3":{"start":{"line":7,"column":0},"end":{"line":7,"column":24}}},"fnMap":{},"branchMap":{},"s":{"0":7,"1":7,"2":7,"3":7},"f":{},"b":{},"_coverageSchema":"1a1c01bbd47fc00a2c39e90264f33305004495a9","hash":"89774edb2dba2788e704f24f23eaa1d444c90e41"}
,"D:\\Documents\\Hacktiv8\\Phase 2\\ip-ahmadjutrzenka-questivate\\routes\\reviews.js": {"path":"D:\\Documents\\Hacktiv8\\Phase 2\\ip-ahmadjutrzenka-questivate\\routes\\reviews.js","statementMap":{"0":{"start":{"line":1,"column":15},"end":{"line":1,"column":42}},"1":{"start":{"line":3,"column":25},"end":{"line":3,"column":67}},"2":{"start":{"line":4,"column":23},"end":{"line":4,"column":63}},"3":{"start":{"line":5,"column":22},"end":{"line":5,"column":61}},"4":{"start":{"line":8,"column":0},"end":{"line":8,"column":57}},"5":{"start":{"line":9,"column":0},"end":{"line":9,"column":51}},"6":{"start":{"line":12,"column":0},"end":{"line":12,"column":64}},"7":{"start":{"line":13,"column":0},"end":{"line":18,"column":2}},"8":{"start":{"line":19,"column":0},"end":{"line":24,"column":2}},"9":{"start":{"line":26,"column":0},"end":{"line":26,"column":24}}},"fnMap":{},"branchMap":{},"s":{"0":7,"1":7,"2":7,"3":7,"4":7,"5":7,"6":7,"7":7,"8":7,"9":7},"f":{},"b":{},"_coverageSchema":"1a1c01bbd47fc00a2c39e90264f33305004495a9","hash":"ad2c6633cbc48b011e72eb3f529baca15df37ad9"}
,"D:\\Documents\\Hacktiv8\\Phase 2\\ip-ahmadjutrzenka-questivate\\routes\\search.js": {"path":"D:\\Documents\\Hacktiv8\\Phase 2\\ip-ahmadjutrzenka-questivate\\routes\\search.js","statementMap":{"0":{"start":{"line":1,"column":15},"end":{"line":1,"column":42}},"1":{"start":{"line":3,"column":25},"end":{"line":3,"column":67}},"2":{"start":{"line":5,"column":0},"end":{"line":5,"column":48}},"3":{"start":{"line":6,"column":0},"end":{"line":6,"column":50}},"4":{"start":{"line":8,"column":0},"end":{"line":8,"column":24}}},"fnMap":{},"branchMap":{},"s":{"0":7,"1":7,"2":7,"3":7,"4":7},"f":{},"b":{},"_coverageSchema":"1a1c01bbd47fc00a2c39e90264f33305004495a9","hash":"a6ba1af09de6361fd882da85043019b7d2bc6c16"}
,"D:\\Documents\\Hacktiv8\\Phase 2\\ip-ahmadjutrzenka-questivate\\routes\\users.js": {"path":"D:\\Documents\\Hacktiv8\\Phase 2\\ip-ahmadjutrzenka-questivate\\routes\\users.js","statementMap":{"0":{"start":{"line":1,"column":15},"end":{"line":1,"column":42}},"1":{"start":{"line":3,"column":23},"end":{"line":3,"column":63}},"2":{"start":{"line":5,"column":0},"end":{"line":5,"column":41}},"3":{"start":{"line":6,"column":0},"end":{"line":6,"column":58}},"4":{"start":{"line":8,"column":0},"end":{"line":8,"column":24}}},"fnMap":{},"branchMap":{},"s":{"0":7,"1":7,"2":7,"3":7,"4":7},"f":{},"b":{},"_coverageSchema":"1a1c01bbd47fc00a2c39e90264f33305004495a9","hash":"5db09cd1e23cc2287ca7f109f0a719f27b3f4d61"}
}
