TN:
SF:app.js
FNF:0
FNH:0
DA:1,7
DA:2,7
DA:3,7
DA:4,7
DA:5,7
DA:6,7
DA:8,7
DA:9,7
DA:10,7
DA:12,7
DA:14,7
DA:16,7
DA:18,7
LF:13
LH:13
BRF:0
BRH:0
end_of_record
TN:
SF:controllers\AuthController.js
FN:7,(anonymous_0)
FN:39,(anonymous_1)
FN:86,(anonymous_2)
FN:128,(anonymous_3)
FN:150,(anonymous_4)
FN:169,(anonymous_5)
FNF:6
FNH:6
FNDA:4,(anonymous_0)
FNDA:6,(anonymous_1)
FNDA:4,(anonymous_2)
FNDA:1,(anonymous_3)
FNDA:1,(anonymous_4)
FNDA:1,(anonymous_5)
DA:1,7
DA:2,7
DA:3,7
DA:4,7
DA:8,4
DA:9,4
DA:11,4
DA:13,4
DA:14,1
DA:21,3
DA:28,1
DA:35,3
DA:40,6
DA:41,6
DA:43,6
DA:44,1
DA:46,5
DA:47,1
DA:50,4
DA:56,4
DA:57,1
DA:60,3
DA:61,1
DA:68,2
DA:70,2
DA:71,1
DA:74,1
DA:78,1
DA:82,5
DA:87,4
DA:88,4
DA:90,4
DA:92,4
DA:93,1
DA:96,3
DA:101,3
DA:103,3
DA:104,1
DA:107,2
DA:117,2
DA:122,2
DA:124,2
DA:129,1
DA:130,1
DA:141,1
DA:142,0
DA:144,1
DA:146,0
DA:151,1
DA:152,1
DA:154,1
DA:155,1
DA:156,0
DA:159,1
DA:160,1
DA:165,0
DA:170,1
DA:171,1
DA:175,0
DA:180,7
LF:60
LH:55
BRDA:13,0,0,1
BRDA:13,0,1,3
BRDA:13,1,0,4
BRDA:13,1,1,2
BRDA:43,2,0,1
BRDA:43,2,1,5
BRDA:46,3,0,1
BRDA:46,3,1,4
BRDA:56,4,0,1
BRDA:56,4,1,3
BRDA:60,5,0,1
BRDA:60,5,1,2
BRDA:70,6,0,1
BRDA:70,6,1,1
BRDA:92,7,0,1
BRDA:92,7,1,3
BRDA:103,8,0,1
BRDA:103,8,1,2
BRDA:110,9,0,2
BRDA:110,9,1,0
BRDA:113,10,0,2
BRDA:113,10,1,0
BRDA:141,11,0,0
BRDA:141,11,1,1
BRDA:155,12,0,0
BRDA:155,12,1,1
BRF:26
BRH:22
end_of_record
TN:
SF:controllers\CollectionController.js
FN:4,(anonymous_0)
FN:30,(anonymous_1)
FN:83,(anonymous_2)
FN:98,(anonymous_3)
FN:124,(anonymous_4)
FNF:5
FNH:5
FNDA:3,(anonymous_0)
FNDA:4,(anonymous_1)
FNDA:1,(anonymous_2)
FNDA:3,(anonymous_3)
FNDA:1,(anonymous_4)
DA:1,7
DA:5,3
DA:6,3
DA:7,3
DA:9,3
DA:10,2
DA:11,1
DA:16,1
DA:19,2
DA:24,2
DA:26,1
DA:31,4
DA:41,4
DA:43,4
DA:44,1
DA:50,3
DA:58,3
DA:59,1
DA:65,2
DA:77,1
DA:79,3
DA:84,1
DA:85,1
DA:86,1
DA:88,1
DA:89,0
DA:92,1
DA:94,0
DA:99,3
DA:100,3
DA:101,3
DA:103,3
DA:105,3
DA:106,2
DA:109,2
DA:110,1
DA:117,2
DA:118,2
DA:120,1
DA:125,1
DA:126,1
DA:128,1
DA:130,1
DA:131,1
DA:133,0
DA:138,7
LF:46
LH:43
BRDA:9,0,0,2
BRDA:9,0,1,1
BRDA:10,1,0,1
BRDA:10,1,1,1
BRDA:43,2,0,1
BRDA:43,2,1,3
BRDA:43,3,0,4
BRDA:43,3,1,4
BRDA:58,4,0,1
BRDA:58,4,1,2
BRDA:61,5,0,1
BRDA:61,5,1,0
BRDA:88,6,0,0
BRDA:88,6,1,1
BRDA:105,7,0,2
BRDA:105,7,1,1
BRDA:105,8,0,3
BRDA:105,8,1,2
BRDA:109,9,0,1
BRDA:109,9,1,1
BRF:20
BRH:18
end_of_record
TN:
SF:controllers\ReviewController.js
FN:4,(anonymous_0)
FN:21,(anonymous_1)
FN:35,(anonymous_2)
FN:66,(anonymous_3)
FN:102,(anonymous_4)
FN:124,(anonymous_5)
FNF:6
FNH:6
FNDA:2,(anonymous_0)
FNDA:1,(anonymous_1)
FNDA:2,(anonymous_2)
FNDA:5,(anonymous_3)
FNDA:1,(anonymous_4)
FNDA:1,(anonymous_5)
DA:1,7
DA:5,2
DA:6,2
DA:21,2
DA:22,1
DA:23,1
DA:26,1
DA:29,2
DA:31,0
DA:36,2
DA:37,2
DA:39,2
DA:52,2
DA:53,1
DA:56,1
DA:57,1
DA:60,1
DA:62,1
DA:67,5
DA:68,5
DA:69,5
DA:71,5
DA:72,1
DA:78,4
DA:79,4
DA:80,1
DA:82,3
DA:83,1
DA:89,2
DA:96,1
DA:98,4
DA:103,1
DA:104,1
DA:105,1
DA:107,1
DA:108,1
DA:109,0
DA:112,1
DA:114,1
DA:115,1
DA:118,1
DA:120,0
DA:125,1
DA:126,1
DA:128,1
DA:129,1
DA:130,0
DA:133,1
DA:135,1
DA:137,0
DA:142,7
LF:51
LH:46
BRDA:52,0,0,1
BRDA:52,0,1,1
BRDA:71,1,0,1
BRDA:71,1,1,4
BRDA:71,2,0,5
BRDA:71,2,1,1
BRDA:79,3,0,1
BRDA:79,3,1,3
BRDA:82,4,0,1
BRDA:82,4,1,2
BRDA:108,5,0,0
BRDA:108,5,1,1
BRDA:129,6,0,0
BRDA:129,6,1,1
BRF:14
BRH:12
end_of_record
TN:
SF:controllers\SearchController.js
FN:12,(anonymous_0)
FN:45,(anonymous_1)
FN:61,(anonymous_2)
FN:76,(anonymous_3)
FN:95,(anonymous_4)
FN:95,(anonymous_5)
FN:112,(anonymous_6)
FN:117,(anonymous_7)
FN:126,(anonymous_8)
FN:131,(anonymous_9)
FN:140,(anonymous_10)
FN:149,(anonymous_11)
FN:162,(anonymous_12)
FN:202,(anonymous_13)
FN:226,(anonymous_14)
FN:230,(anonymous_15)
FNF:16
FNH:16
FNDA:7,(anonymous_0)
FNDA:3,(anonymous_1)
FNDA:2,(anonymous_2)
FNDA:9,(anonymous_3)
FNDA:2,(anonymous_4)
FNDA:2,(anonymous_5)
FNDA:3,(anonymous_6)
FNDA:2,(anonymous_7)
FNDA:2,(anonymous_8)
FNDA:1,(anonymous_9)
FNDA:3,(anonymous_10)
FNDA:2,(anonymous_11)
FNDA:9,(anonymous_12)
FNDA:2,(anonymous_13)
FNDA:1,(anonymous_14)
FNDA:1,(anonymous_15)
DA:1,7
DA:8,7
DA:9,7
DA:13,7
DA:14,7
DA:16,7
DA:17,1
DA:23,6
DA:24,6
DA:25,4
DA:27,2
DA:30,6
DA:31,2
DA:37,4
DA:45,4
DA:47,4
DA:48,4
DA:49,3
DA:61,3
DA:62,2
DA:63,2
DA:66,2
DA:70,4
DA:72,3
DA:77,9
DA:78,9
DA:80,9
DA:81,1
DA:87,8
DA:88,8
DA:89,1
DA:95,7
DA:97,7
DA:99,7
DA:100,2
DA:107,2
DA:110,7
DA:111,3
DA:112,3
DA:117,2
DA:121,3
DA:124,7
DA:125,2
DA:126,2
DA:131,1
DA:135,2
DA:138,7
DA:139,3
DA:140,3
DA:141,3
DA:142,3
DA:149,2
DA:156,7
DA:158,2
DA:163,9
DA:164,9
DA:166,9
DA:167,1
DA:172,8
DA:173,1
DA:178,7
DA:179,0
DA:185,7
DA:187,7
DA:188,4
DA:190,4
DA:191,1
DA:197,3
DA:202,2
DA:211,3
DA:212,3
DA:213,1
DA:218,2
DA:219,2
DA:226,1
DA:230,1
DA:236,5
DA:238,4
DA:243,7
LF:79
LH:78
BRDA:16,0,0,1
BRDA:16,0,1,6
BRDA:24,1,0,4
BRDA:24,1,1,2
BRDA:24,2,0,6
BRDA:24,2,1,3
BRDA:30,3,0,2
BRDA:30,3,1,4
BRDA:48,4,0,3
BRDA:48,4,1,1
BRDA:78,5,0,0
BRDA:80,6,0,1
BRDA:80,6,1,8
BRDA:88,7,0,1
BRDA:88,7,1,7
BRDA:99,8,0,2
BRDA:99,8,1,5
BRDA:99,9,0,7
BRDA:99,9,1,6
BRDA:110,10,0,3
BRDA:110,10,1,4
BRDA:110,11,0,7
BRDA:110,11,1,6
BRDA:115,12,0,3
BRDA:115,12,1,1
BRDA:116,13,0,3
BRDA:116,13,1,1
BRDA:117,14,0,3
BRDA:117,14,1,1
BRDA:118,15,0,3
BRDA:118,15,1,1
BRDA:121,16,0,1
BRDA:121,16,1,2
BRDA:124,17,0,2
BRDA:124,17,1,5
BRDA:124,18,0,7
BRDA:124,18,1,6
BRDA:129,19,0,2
BRDA:129,19,1,1
BRDA:130,20,0,2
BRDA:130,20,1,1
BRDA:131,21,0,2
BRDA:131,21,1,1
BRDA:132,22,0,2
BRDA:132,22,1,1
BRDA:135,23,0,1
BRDA:135,23,1,1
BRDA:138,24,0,3
BRDA:138,24,1,4
BRDA:138,25,0,7
BRDA:138,25,1,6
BRDA:141,26,0,3
BRDA:141,26,1,1
BRDA:145,27,0,2
BRDA:145,27,1,1
BRDA:148,28,0,2
BRDA:148,28,1,1
BRDA:149,29,0,3
BRDA:149,29,1,1
BRDA:150,30,0,3
BRDA:150,30,1,1
BRDA:166,31,0,1
BRDA:166,31,1,8
BRDA:172,32,0,1
BRDA:172,32,1,7
BRDA:178,33,0,0
BRDA:178,33,1,7
BRDA:187,34,0,4
BRDA:187,34,1,3
BRDA:187,35,0,7
BRDA:187,35,1,5
BRDA:190,36,0,1
BRDA:190,36,1,3
BRDA:200,37,0,3
BRDA:200,37,1,1
BRDA:201,38,0,3
BRDA:201,38,1,1
BRDA:202,39,0,3
BRDA:202,39,1,1
BRDA:203,40,0,3
BRDA:203,40,1,1
BRDA:204,41,0,3
BRDA:204,41,1,1
BRDA:207,42,0,3
BRDA:207,42,1,1
BRDA:208,43,0,3
BRDA:208,43,1,3
BRDA:212,44,0,1
BRDA:212,44,1,2
BRDA:218,45,0,2
BRDA:218,45,1,1
BRDA:222,46,0,1
BRDA:222,46,1,1
BRDA:225,47,0,1
BRDA:225,47,1,1
BRDA:226,48,0,2
BRDA:226,48,1,1
BRDA:227,49,0,2
BRDA:227,49,1,1
BRDA:229,50,0,2
BRDA:229,50,1,1
BRF:101
BRH:99
end_of_record
TN:
SF:controllers\UserController.js
FN:5,(anonymous_0)
FN:26,(anonymous_1)
FN:69,(anonymous_2)
FN:70,(anonymous_3)
FN:71,(anonymous_4)
FNF:5
FNH:5
FNDA:4,(anonymous_0)
FNDA:8,(anonymous_1)
FNDA:12,(anonymous_2)
FNDA:12,(anonymous_3)
FNDA:12,(anonymous_4)
DA:1,7
DA:2,7
DA:6,4
DA:7,4
DA:8,4
DA:9,4
DA:10,3
DA:14,4
DA:20,4
DA:22,0
DA:27,8
DA:28,8
DA:30,8
DA:34,8
DA:35,1
DA:38,7
DA:50,7
DA:63,7
DA:68,7
DA:69,12
DA:70,12
DA:71,12
DA:74,7
DA:88,1
DA:93,7
LF:25
LH:24
BRDA:7,0,0,4
BRDA:7,0,1,1
BRDA:9,1,0,3
BRDA:9,1,1,1
BRDA:34,2,0,1
BRDA:34,2,1,7
BRF:6
BRH:6
end_of_record
TN:
SF:controllers\aiController.js
FN:5,buildVibePrompt
FN:8,(anonymous_1)
FN:42,(anonymous_2)
FN:94,(anonymous_3)
FN:129,(anonymous_4)
FN:145,(anonymous_5)
FNF:6
FNH:6
FNDA:3,buildVibePrompt
FNDA:4,(anonymous_1)
FNDA:5,(anonymous_2)
FNDA:3,(anonymous_3)
FNDA:5,(anonymous_4)
FNDA:8,(anonymous_5)
DA:1,7
DA:2,7
DA:3,7
DA:6,3
DA:8,4
DA:18,3
DA:22,3
DA:43,5
DA:44,5
DA:46,5
DA:51,1
DA:56,4
DA:61,1
DA:67,3
DA:71,3
DA:72,1
DA:78,2
DA:79,2
DA:81,2
DA:82,2
DA:83,2
DA:84,3
DA:86,2
DA:88,2
DA:90,3
DA:95,3
DA:96,3
DA:98,3
DA:99,1
DA:105,2
DA:109,2
DA:110,1
DA:116,1
DA:117,1
DA:118,1
DA:120,1
DA:121,1
DA:123,1
DA:125,2
DA:130,5
DA:131,5
DA:135,5
DA:136,1
DA:143,4
DA:145,8
DA:150,4
DA:157,4
DA:158,4
DA:159,4
DA:161,4
DA:166,4
DA:167,2
DA:170,4
DA:175,1
DA:180,7
LF:55
LH:55
BRDA:10,0,0,4
BRDA:10,0,1,1
BRDA:10,1,0,4
BRDA:10,1,1,1
BRDA:11,2,0,4
BRDA:11,2,1,1
BRDA:11,3,0,4
BRDA:11,3,1,1
BRDA:12,4,0,4
BRDA:12,4,1,1
BRDA:18,5,0,0
BRDA:18,5,1,3
BRDA:18,6,0,3
BRDA:18,6,1,3
BRDA:44,7,0,5
BRDA:46,8,0,1
BRDA:46,8,1,4
BRDA:47,9,0,5
BRDA:47,9,1,5
BRDA:47,9,2,5
BRDA:56,10,0,1
BRDA:56,10,1,3
BRDA:57,11,0,4
BRDA:57,11,1,3
BRDA:57,11,2,3
BRDA:71,12,0,1
BRDA:71,12,1,2
BRDA:84,13,0,3
BRDA:84,13,1,0
BRDA:96,14,0,3
BRDA:98,15,0,1
BRDA:98,15,1,2
BRDA:109,16,0,1
BRDA:109,16,1,1
BRDA:135,17,0,1
BRDA:135,17,1,4
BRDA:146,18,0,8
BRDA:146,18,1,0
BRDA:146,19,0,8
BRDA:146,19,1,0
BRDA:146,20,0,8
BRDA:146,20,1,0
BRDA:166,21,0,2
BRDA:166,21,1,2
BRF:44
BRH:39
end_of_record
TN:
SF:helpers\bcrypt.js
FN:3,(anonymous_0)
FN:10,(anonymous_1)
FNF:2
FNH:2
FNDA:13,(anonymous_0)
FNDA:2,(anonymous_1)
DA:1,7
DA:3,7
DA:4,13
DA:5,13
DA:7,13
DA:10,7
DA:11,2
DA:14,7
LF:8
LH:8
BRF:0
BRH:0
end_of_record
TN:
SF:helpers\externalApis.js
FN:6,getIGDBToken
FN:21,searchJikanAnime
FN:28,searchJikanManga
FN:35,searchIGDB
FN:51,getDetailJikan
FN:56,getDetailIGDB
FN:72,enrichAIResults
FN:73,(anonymous_7)
FN:73,(anonymous_8)
FNF:9
FNH:9
FNDA:8,getIGDBToken
FNDA:4,searchJikanAnime
FNDA:4,searchJikanManga
FNDA:4,searchIGDB
FNDA:3,getDetailJikan
FNDA:2,getDetailIGDB
FNDA:4,enrichAIResults
FNDA:4,(anonymous_7)
FNDA:4,(anonymous_8)
DA:1,5
DA:3,5
DA:4,5
DA:7,8
DA:9,1
DA:16,1
DA:17,1
DA:18,1
DA:22,4
DA:25,4
DA:29,4
DA:32,4
DA:36,4
DA:37,4
DA:48,4
DA:52,3
DA:53,3
DA:57,2
DA:58,2
DA:69,2
DA:73,4
DA:74,4
DA:79,4
DA:80,2
DA:81,2
DA:82,2
DA:87,2
DA:89,4
DA:90,2
DA:91,2
DA:92,2
DA:97,2
DA:99,4
DA:100,2
DA:101,2
DA:102,2
DA:103,2
DA:111,4
DA:114,5
LF:39
LH:39
BRDA:7,0,0,7
BRDA:7,0,1,1
BRDA:7,1,0,8
BRDA:7,1,1,7
BRDA:25,2,0,4
BRDA:25,2,1,2
BRDA:32,3,0,4
BRDA:32,3,1,2
BRDA:48,4,0,4
BRDA:48,4,1,0
BRDA:53,5,0,3
BRDA:53,5,1,1
BRDA:69,6,0,2
BRDA:69,6,1,1
BRDA:79,7,0,4
BRDA:79,7,1,0
BRDA:84,8,0,2
BRDA:84,8,1,1
BRDA:85,9,0,1
BRDA:85,9,1,1
BRDA:89,10,0,4
BRDA:89,10,1,0
BRDA:94,11,0,2
BRDA:94,11,1,1
BRDA:95,12,0,1
BRDA:95,12,1,1
BRDA:99,13,0,4
BRDA:99,13,1,0
BRDA:102,14,0,2
BRDA:102,14,1,1
BRDA:105,15,0,1
BRDA:105,15,1,1
BRDA:108,16,0,1
BRDA:108,16,1,1
BRF:34
BRH:30
end_of_record
TN:
SF:helpers\gemini.js
FN:5,generateContent
FN:13,parseGeminiJSON
FNF:2
FNH:2
FNDA:1,generateContent
FNDA:6,parseGeminiJSON
DA:1,8
DA:3,8
DA:6,1
DA:10,1
DA:14,6
DA:15,6
DA:16,6
DA:18,2
DA:25,8
LF:9
LH:9
BRF:0
BRH:0
end_of_record
TN:
SF:helpers\jwt.js
FN:3,(anonymous_0)
FN:7,(anonymous_1)
FNF:2
FNH:2
FNDA:13,(anonymous_0)
FNDA:63,(anonymous_1)
DA:1,7
DA:3,7
DA:4,13
DA:7,7
DA:8,63
DA:10,7
LF:6
LH:6
BRF:0
BRH:0
end_of_record
TN:
SF:middlewares\authentication.js
FN:4,(anonymous_0)
FNF:1
FNH:1
FNDA:70,(anonymous_0)
DA:1,7
DA:2,7
DA:4,7
DA:5,70
DA:7,70
DA:9,70
DA:11,5
DA:15,65
DA:16,65
DA:17,65
DA:19,65
DA:20,2
DA:24,63
DA:28,62
DA:34,62
DA:35,1
DA:38,61
DA:42,61
DA:44,9
DA:48,7
LF:20
LH:20
BRDA:9,0,0,5
BRDA:9,0,1,65
BRDA:19,1,0,2
BRDA:19,1,1,63
BRDA:19,2,0,65
BRDA:19,2,1,64
BRDA:34,3,0,1
BRDA:34,3,1,61
BRF:8
BRH:8
end_of_record
TN:
SF:middlewares\authorization.js
FN:3,(anonymous_0)
FNF:1
FNH:1
FNDA:15,(anonymous_0)
DA:1,7
DA:3,7
DA:4,15
DA:5,15
DA:6,15
DA:8,15
DA:10,15
DA:11,5
DA:13,5
DA:14,1
DA:16,4
DA:17,2
DA:20,10
DA:22,10
DA:23,2
DA:25,8
DA:26,3
DA:30,7
DA:32,8
DA:36,7
LF:20
LH:20
BRDA:10,0,0,5
BRDA:10,0,1,10
BRDA:13,1,0,1
BRDA:13,1,1,4
BRDA:16,2,0,2
BRDA:16,2,1,2
BRDA:22,3,0,2
BRDA:22,3,1,8
BRDA:25,4,0,3
BRDA:25,4,1,5
BRF:10
BRH:10
end_of_record
TN:
SF:middlewares\errorHandler.js
FN:1,(anonymous_0)
FNF:1
FNH:1
FNDA:53,(anonymous_0)
DA:1,7
DA:2,53
DA:4,53
DA:6,53
DA:9,4
DA:10,4
DA:12,19
DA:13,19
DA:15,1
DA:16,1
DA:18,11
DA:19,11
DA:21,6
DA:22,6
DA:24,12
DA:25,12
DA:27,0
DA:28,0
DA:32,7
LF:19
LH:17
BRDA:6,0,0,2
BRDA:6,0,1,4
BRDA:6,0,2,19
BRDA:6,0,3,1
BRDA:6,0,4,11
BRDA:6,0,5,6
BRDA:6,0,6,12
BRDA:6,0,7,0
BRF:8
BRH:7
end_of_record
TN:
SF:models\collection.js
FN:3,(anonymous_0)
FN:5,(anonymous_1)
FNF:2
FNH:2
FNDA:7,(anonymous_0)
FNDA:7,(anonymous_1)
DA:2,7
DA:3,7
DA:6,7
DA:9,7
DA:14,7
DA:103,7
LF:6
LH:6
BRF:0
BRH:0
end_of_record
TN:
SF:models\index.js
FN:21,(anonymous_0)
FN:29,(anonymous_1)
FN:34,(anonymous_2)
FNF:3
FNH:3
FNDA:35,(anonymous_0)
FNDA:28,(anonymous_1)
FNDA:28,(anonymous_2)
DA:3,7
DA:4,7
DA:5,7
DA:6,7
DA:7,7
DA:8,7
DA:9,7
DA:10,7
DA:13,7
DA:14,0
DA:16,7
DA:19,7
DA:22,35
DA:30,28
DA:31,28
DA:34,7
DA:35,28
DA:36,28
DA:40,7
DA:41,7
DA:43,7
LF:21
LH:20
BRDA:8,0,0,7
BRDA:8,0,1,0
BRDA:13,1,0,0
BRDA:13,1,1,7
BRDA:23,2,0,35
BRDA:23,2,1,35
BRDA:23,2,2,28
BRDA:23,2,3,28
BRDA:35,3,0,28
BRDA:35,3,1,0
BRF:10
BRH:7
end_of_record
TN:
SF:models\review.js
FN:3,(anonymous_0)
FN:5,(anonymous_1)
FNF:2
FNH:2
FNDA:7,(anonymous_0)
FNDA:7,(anonymous_1)
DA:2,7
DA:3,7
DA:6,7
DA:9,7
DA:14,7
DA:69,7
LF:6
LH:6
BRF:0
BRH:0
end_of_record
TN:
SF:models\tastedna.js
FN:3,(anonymous_0)
FN:5,(anonymous_1)
FNF:2
FNH:2
FNDA:7,(anonymous_0)
FNDA:7,(anonymous_1)
DA:2,7
DA:3,7
DA:6,7
DA:11,7
DA:58,7
LF:5
LH:5
BRF:0
BRH:0
end_of_record
TN:
SF:models\user.js
FN:4,(anonymous_0)
FN:6,(anonymous_1)
FN:86,(anonymous_2)
FNF:3
FNH:3
FNDA:7,(anonymous_0)
FNDA:7,(anonymous_1)
FNDA:14,(anonymous_2)
DA:2,7
DA:4,7
DA:7,7
DA:10,7
DA:13,7
DA:18,7
DA:86,7
DA:87,14
DA:88,14
DA:89,13
DA:92,7
LF:11
LH:11
BRDA:88,0,0,13
BRDA:88,0,1,1
BRF:2
BRH:2
end_of_record
TN:
SF:routes\ai.js
FNF:0
FNH:0
DA:1,7
DA:3,7
DA:5,7
DA:6,7
DA:7,7
DA:9,7
LF:6
LH:6
BRF:0
BRH:0
end_of_record
TN:
SF:routes\auth.js
FNF:0
FNH:0
DA:1,7
DA:3,7
DA:4,7
DA:6,7
DA:7,7
DA:8,7
DA:11,7
DA:12,7
DA:13,7
DA:14,7
DA:16,7
LF:11
LH:11
BRF:0
BRH:0
end_of_record
TN:
SF:routes\collections.js
FNF:0
FNH:0
DA:1,7
DA:3,7
DA:4,7
DA:6,7
DA:7,7
DA:8,7
DA:9,7
DA:10,7
DA:12,7
LF:9
LH:9
BRF:0
BRH:0
end_of_record
TN:
SF:routes\index.js
FNF:0
FNH:0
DA:1,7
DA:2,7
DA:4,7
DA:5,7
DA:6,7
DA:7,7
DA:8,7
DA:9,7
DA:10,7
DA:13,7
DA:14,7
DA:15,7
DA:16,7
DA:19,7
DA:20,7
DA:21,7
DA:22,7
DA:24,7
LF:18
LH:18
BRF:0
BRH:0
end_of_record
TN:
SF:routes\media.js
FNF:0
FNH:0
DA:1,7
DA:3,7
DA:5,7
DA:7,7
LF:4
LH:4
BRF:0
BRH:0
end_of_record
TN:
SF:routes\reviews.js
FNF:0
FNH:0
DA:1,7
DA:3,7
DA:4,7
DA:5,7
DA:8,7
DA:9,7
DA:12,7
DA:13,7
DA:19,7
DA:26,7
LF:10
LH:10
BRF:0
BRH:0
end_of_record
TN:
SF:routes\search.js
FNF:0
FNH:0
DA:1,7
DA:3,7
DA:5,7
DA:6,7
DA:8,7
LF:5
LH:5
BRF:0
BRH:0
end_of_record
TN:
SF:routes\users.js
FNF:0
FNH:0
DA:1,7
DA:3,7
DA:5,7
DA:6,7
DA:8,7
LF:5
LH:5
BRF:0
BRH:0
end_of_record
